[ 2018-03-25T20:08:06+08:00 ] 127.0.0.1 /
INFO: [ app_init ] --START--
INFO: Run Behavior\BuildLiteBehavior [ RunTime:0.000000s ]
INFO: [ app_init ] --END-- [ RunTime:0.000000s ]
INFO: [ app_begin ] --START--
INFO: Run Behavior\ReadHtmlCacheBehavior [ RunTime:0.000000s ]
INFO: [ app_begin ] --END-- [ RunTime:0.000000s ]
SQL: SHOW COLUMNS FROM `sc_information` [ RunTime:0.0490s ]
SQL: SELECT * FROM `sc_information` LIMIT 1   [ RunTime:0.0260s ]
SQL: SHOW COLUMNS FROM `sc_goods_class` [ RunTime:0.0360s ]
SQL: SELECT * FROM `sc_goods_class` WHERE ( state = 2 ) ORDER BY sort asc,goods_class_id asc  [ RunTime:0.0390s ]
SQL: SHOW COLUMNS FROM `sc_goods` [ RunTime:0.0460s ]
SQL: SELECT `id`,`goods_title`,`goods_logo`,`price`,`money`,`xfb` FROM `sc_goods` WHERE `tm` = 2 AND `sta` = 3 ORDER BY tm_time desc LIMIT 4   [ RunTime:0.0350s ]
SQL: SELECT `id`,`goods_title`,`goods_logo`,`price`,`xfb` FROM `sc_goods` WHERE `xp` = 2 AND `sta` = 3 ORDER BY xp_time desc LIMIT 8   [ RunTime:0.0290s ]
SQL: SHOW COLUMNS FROM `sc_ban` [ RunTime:0.0460s ]
SQL: SELECT `url`,`logo` FROM `sc_ban` WHERE `state` = 2 AND `type` = 2 ORDER BY sort desc,id desc  [ RunTime:0.0360s ]
INFO: [ view_parse ] --START--
INFO: [ template_filter ] --START--
INFO: Run Behavior\ContentReplaceBehavior [ RunTime:0.001000s ]
INFO: [ template_filter ] --END-- [ RunTime:0.001000s ]
NOTIC: [8] Undefined index: usermobile D:\wamp\www\appidpc3sla9edp\index\Runtime\Cache\Home\71acd017f8796d9a57923acc8eb6052d.php 第 341 行.
NOTIC: [8] Undefined index: sj D:\wamp\www\appidpc3sla9edp\index\Runtime\Cache\Home\71acd017f8796d9a57923acc8eb6052d.php 第 348 行.
NOTIC: [8] Undefined index: query D:\wamp\www\appidpc3sla9edp\index\Runtime\Cache\Home\71acd017f8796d9a57923acc8eb6052d.php 第 373 行.
NOTIC: [8] Undefined index: id D:\wamp\www\appidpc3sla9edp\index\Runtime\Cache\Home\71acd017f8796d9a57923acc8eb6052d.php 第 545 行.
NOTIC: [8] Undefined index: status D:\wamp\www\appidpc3sla9edp\index\Runtime\Cache\Home\71acd017f8796d9a57923acc8eb6052d.php 第 546 行.
SQL: SELECT `id`,`goods_title`,`goods_logo`,`goods_cate_id`,`price`,`kucun`,`sell`,`comment`,`xfb` FROM `sc_goods` WHERE `goods_cate_id` = 77 AND `sta` = 3 ORDER BY goods_time desc LIMIT 7   [ RunTime:0.0360s ]
SQL: SELECT `id`,`goods_title`,`goods_logo`,`goods_cate_id`,`price`,`kucun`,`sell`,`comment`,`xfb` FROM `sc_goods` WHERE `goods_cate_id` = 77 AND `sta` = 3 ORDER BY goods_time desc LIMIT 7   [ RunTime:0.0370s ]
SQL: SELECT `id`,`goods_title`,`goods_logo`,`goods_cate_id`,`price`,`kucun`,`sell`,`comment`,`xfb` FROM `sc_goods` WHERE `goods_cate_id` = 79 AND `sta` = 3 ORDER BY goods_time desc LIMIT 7   [ RunTime:0.0370s ]
SQL: SELECT `id`,`goods_title`,`goods_logo`,`goods_cate_id`,`price`,`kucun`,`sell`,`comment`,`xfb` FROM `sc_goods` WHERE `goods_cate_id` = 79 AND `sta` = 3 ORDER BY goods_time desc LIMIT 7   [ RunTime:0.0460s ]
SQL: SELECT `id`,`goods_title`,`goods_logo`,`goods_cate_id`,`price`,`kucun`,`sell`,`comment`,`xfb` FROM `sc_goods` WHERE `goods_cate_id` = 79 AND `sta` = 3 ORDER BY goods_time desc LIMIT 7   [ RunTime:0.0360s ]
SQL: SHOW COLUMNS FROM `sc_menu` [ RunTime:0.0570s ]
SQL: SELECT * FROM `sc_menu` WHERE `state` = 2 AND ( id != 123 ) ORDER BY sort asc,id asc  [ RunTime:0.0260s ]
INFO: Run Behavior\ParseTemplateBehavior [ RunTime:0.430009s ]
INFO: [ view_parse ] --END-- [ RunTime:0.430009s ]
INFO: [ view_filter ] --START--
INFO: Run Behavior\WriteHtmlCacheBehavior [ RunTime:0.001000s ]
INFO: [ view_filter ] --END-- [ RunTime:0.002000s ]
INFO: [ app_end ] --START--
INFO: Run Behavior\ShowPageTraceBehavior [ RunTime:0.000000s ]
INFO: [ app_end ] --END-- [ RunTime:0.000000s ]

[ 2018-03-25T20:08:08+08:00 ] 127.0.0.1 /home/cart/cartcount.html
INFO: [ app_init ] --START--
INFO: Run Behavior\BuildLiteBehavior [ RunTime:0.000000s ]
INFO: [ app_init ] --END-- [ RunTime:0.001000s ]
INFO: [ app_begin ] --START--
INFO: Run Behavior\ReadHtmlCacheBehavior [ RunTime:0.002000s ]
INFO: [ app_begin ] --END-- [ RunTime:0.004000s ]

[ 2018-03-25T20:08:08+08:00 ] 127.0.0.1 /home/login/login.html
INFO: [ app_init ] --START--
INFO: Run Behavior\BuildLiteBehavior [ RunTime:0.000000s ]
INFO: [ app_init ] --END-- [ RunTime:0.002000s ]
INFO: [ app_begin ] --START--
INFO: Run Behavior\ReadHtmlCacheBehavior [ RunTime:0.001000s ]
INFO: [ app_begin ] --END-- [ RunTime:0.001000s ]
SQL: SHOW COLUMNS FROM `sc_information` [ RunTime:0.0460s ]
SQL: SELECT * FROM `sc_information` LIMIT 1   [ RunTime:0.0400s ]
INFO: [ view_parse ] --START--
INFO: [ template_filter ] --START--
INFO: Run Behavior\ContentReplaceBehavior [ RunTime:0.000000s ]
INFO: [ template_filter ] --END-- [ RunTime:0.000000s ]
INFO: Run Behavior\ParseTemplateBehavior [ RunTime:0.022001s ]
INFO: [ view_parse ] --END-- [ RunTime:0.023001s ]
INFO: [ view_filter ] --START--
INFO: Run Behavior\WriteHtmlCacheBehavior [ RunTime:0.003000s ]
INFO: [ view_filter ] --END-- [ RunTime:0.003000s ]
INFO: [ app_end ] --START--
INFO: Run Behavior\ShowPageTraceBehavior [ RunTime:0.001000s ]
INFO: [ app_end ] --END-- [ RunTime:0.002000s ]

