[ 2018-03-22T13:21:38+08:00 ] 127.0.0.1 /
INFO: [ app_init ] --START--
INFO: Run Behavior\BuildLiteBehavior [ RunTime:0.000000s ]
INFO: [ app_init ] --END-- [ RunTime:0.001000s ]
INFO: [ app_begin ] --START--
INFO: Run Behavior\ReadHtmlCacheBehavior [ RunTime:0.008001s ]
INFO: [ app_begin ] --END-- [ RunTime:0.009001s ]
SQL: SHOW COLUMNS FROM `sc_information` [ RunTime:0.0060s ]
SQL: SELECT * FROM `sc_information` LIMIT 1   [ RunTime:0.0010s ]
SQL: SHOW COLUMNS FROM `sc_goods_class` [ RunTime:0.0050s ]
SQL: SELECT * FROM `sc_goods_class` WHERE ( state = 2 ) ORDER BY sort asc,goods_class_id asc  [ RunTime:0.0010s ]
SQL: SHOW COLUMNS FROM `sc_goods` [ RunTime:0.0090s ]
SQL: SELECT `id`,`goods_title`,`goods_logo`,`price`,`money`,`xfb` FROM `sc_goods` WHERE `tm` = 2 AND `sta` = 3 ORDER BY tm_time desc LIMIT 4   [ RunTime:0.0060s ]
SQL: SELECT `id`,`goods_title`,`goods_logo`,`price`,`xfb` FROM `sc_goods` WHERE `xp` = 2 AND `sta` = 3 ORDER BY xp_time desc LIMIT 8   [ RunTime:0.0010s ]
SQL: SHOW COLUMNS FROM `sc_ban` [ RunTime:0.0060s ]
SQL: SELECT `url`,`logo` FROM `sc_ban` WHERE `state` = 2 AND `type` = 2 ORDER BY sort desc,id desc  [ RunTime:0.0010s ]
INFO: [ view_parse ] --START--
INFO: [ template_filter ] --START--
INFO: Run Behavior\ContentReplaceBehavior [ RunTime:0.001000s ]
INFO: [ template_filter ] --END-- [ RunTime:0.001000s ]
NOTIC: [8] Undefined index: usermobile D:\wamp\www\juan\index\Runtime\Cache\Home\71acd017f8796d9a57923acc8eb6052d.php 第 338 行.
NOTIC: [8] Undefined index: sj D:\wamp\www\juan\index\Runtime\Cache\Home\71acd017f8796d9a57923acc8eb6052d.php 第 345 行.
NOTIC: [8] Undefined index: query D:\wamp\www\juan\index\Runtime\Cache\Home\71acd017f8796d9a57923acc8eb6052d.php 第 370 行.
NOTIC: [8] Undefined index: id D:\wamp\www\juan\index\Runtime\Cache\Home\71acd017f8796d9a57923acc8eb6052d.php 第 542 行.
NOTIC: [8] Undefined index: status D:\wamp\www\juan\index\Runtime\Cache\Home\71acd017f8796d9a57923acc8eb6052d.php 第 543 行.
SQL: SELECT `id`,`goods_title`,`goods_logo`,`goods_cate_id`,`price`,`kucun`,`sell`,`comment`,`xfb` FROM `sc_goods` WHERE `goods_cate_id` = 77 AND `sta` = 3 ORDER BY goods_time desc LIMIT 7   [ RunTime:0.0010s ]
SQL: SELECT `id`,`goods_title`,`goods_logo`,`goods_cate_id`,`price`,`kucun`,`sell`,`comment`,`xfb` FROM `sc_goods` WHERE `goods_cate_id` = 77 AND `sta` = 3 ORDER BY goods_time desc LIMIT 7   [ RunTime:0.0010s ]
SQL: SELECT `id`,`goods_title`,`goods_logo`,`goods_cate_id`,`price`,`kucun`,`sell`,`comment`,`xfb` FROM `sc_goods` WHERE `goods_cate_id` = 79 AND `sta` = 3 ORDER BY goods_time desc LIMIT 7   [ RunTime:0.0010s ]
SQL: SELECT `id`,`goods_title`,`goods_logo`,`goods_cate_id`,`price`,`kucun`,`sell`,`comment`,`xfb` FROM `sc_goods` WHERE `goods_cate_id` = 79 AND `sta` = 3 ORDER BY goods_time desc LIMIT 7   [ RunTime:0.0010s ]
SQL: SELECT `id`,`goods_title`,`goods_logo`,`goods_cate_id`,`price`,`kucun`,`sell`,`comment`,`xfb` FROM `sc_goods` WHERE `goods_cate_id` = 79 AND `sta` = 3 ORDER BY goods_time desc LIMIT 7   [ RunTime:0.0010s ]
SQL: SHOW COLUMNS FROM `sc_menu` [ RunTime:0.0050s ]
SQL: SELECT * FROM `sc_menu` WHERE `state` = 2 AND ( id != 123 ) ORDER BY sort asc,id asc  [ RunTime:0.0010s ]
INFO: Run Behavior\ParseTemplateBehavior [ RunTime:0.104005s ]
INFO: [ view_parse ] --END-- [ RunTime:0.104005s ]
INFO: [ view_filter ] --START--
INFO: Run Behavior\WriteHtmlCacheBehavior [ RunTime:0.001001s ]
INFO: [ view_filter ] --END-- [ RunTime:0.001001s ]
INFO: [ app_end ] --START--
INFO: Run Behavior\ShowPageTraceBehavior [ RunTime:0.002000s ]
INFO: [ app_end ] --END-- [ RunTime:0.002000s ]

[ 2018-03-22T13:21:39+08:00 ] 127.0.0.1 /home/cart/cartcount.html
INFO: [ app_init ] --START--
INFO: Run Behavior\BuildLiteBehavior [ RunTime:0.000000s ]
INFO: [ app_init ] --END-- [ RunTime:0.004000s ]
INFO: [ app_begin ] --START--
INFO: Run Behavior\ReadHtmlCacheBehavior [ RunTime:0.002000s ]
INFO: [ app_begin ] --END-- [ RunTime:0.002000s ]

[ 2018-03-22T13:21:39+08:00 ] 127.0.0.1 /home/login/login.html
INFO: [ app_init ] --START--
INFO: Run Behavior\BuildLiteBehavior [ RunTime:0.000000s ]
INFO: [ app_init ] --END-- [ RunTime:0.001000s ]
INFO: [ app_begin ] --START--
INFO: Run Behavior\ReadHtmlCacheBehavior [ RunTime:0.001000s ]
INFO: [ app_begin ] --END-- [ RunTime:0.001000s ]
SQL: SHOW COLUMNS FROM `sc_information` [ RunTime:0.0120s ]
SQL: SELECT * FROM `sc_information` LIMIT 1   [ RunTime:0.0010s ]
INFO: [ view_parse ] --START--
INFO: [ template_filter ] --START--
INFO: Run Behavior\ContentReplaceBehavior [ RunTime:0.000000s ]
INFO: [ template_filter ] --END-- [ RunTime:0.001000s ]
INFO: Run Behavior\ParseTemplateBehavior [ RunTime:0.033002s ]
INFO: [ view_parse ] --END-- [ RunTime:0.034002s ]
INFO: [ view_filter ] --START--
INFO: Run Behavior\WriteHtmlCacheBehavior [ RunTime:0.003000s ]
INFO: [ view_filter ] --END-- [ RunTime:0.004000s ]
INFO: [ app_end ] --START--
INFO: Run Behavior\ShowPageTraceBehavior [ RunTime:0.003000s ]
INFO: [ app_end ] --END-- [ RunTime:0.003000s ]

[ 2018-03-22T14:25:21+08:00 ] 127.0.0.1 /home/good/goodlist/id/127.html
INFO: [ app_init ] --START--
INFO: Run Behavior\BuildLiteBehavior [ RunTime:0.000000s ]
INFO: [ app_init ] --END-- [ RunTime:0.000000s ]
INFO: [ app_begin ] --START--
INFO: Run Behavior\ReadHtmlCacheBehavior [ RunTime:0.002000s ]
INFO: [ app_begin ] --END-- [ RunTime:0.002000s ]
SQL: SHOW COLUMNS FROM `sc_information` [ RunTime:0.0070s ]
SQL: SELECT * FROM `sc_information` LIMIT 1   [ RunTime:0.0010s ]
SQL: SHOW COLUMNS FROM `sc_goods` [ RunTime:0.0060s ]
SQL: SELECT `id`,`goods_title`,`price`,`sid`,`money`,`xfb`,`goods_small_title`,`kucun`,`cont`,`sell`,`comment` FROM `sc_goods` WHERE `id` = 127 AND `sta` = 3 LIMIT 1   [ RunTime:0.0010s ]
SQL: SHOW COLUMNS FROM `sc_store` [ RunTime:0.0100s ]
SQL: SELECT `store_name` FROM `sc_store` WHERE `sj_id` = 10 LIMIT 1   [ RunTime:0.0000s ]
SQL: SELECT COUNT(*) AS tp_count FROM `sc_goods` WHERE `sid` = 10 LIMIT 1   [ RunTime:0.0040s ]
SQL: SHOW COLUMNS FROM `sc_order` [ RunTime:0.0100s ]
SQL: SELECT COUNT(*) AS tp_count FROM `sc_order` WHERE `sid` = 10 LIMIT 1   [ RunTime:0.0010s ]
SQL: SELECT `id`,`goods_logo` FROM `sc_goods` WHERE `sid` = 10 ORDER BY id desc LIMIT 6   [ RunTime:0.0010s ]
SQL: SELECT `id`,`goods_title`,`goods_logo`,`price`,`xfb` FROM `sc_goods` WHERE `sid` = 10 ORDER BY sell desc LIMIT 6   [ RunTime:0.0010s ]
INFO: [ view_parse ] --START--
INFO: [ template_filter ] --START--
INFO: Run Behavior\ContentReplaceBehavior [ RunTime:0.000000s ]
INFO: [ template_filter ] --END-- [ RunTime:0.001000s ]
NOTIC: [8] Undefined index: usermobile D:\wamp\www\juan\index\Runtime\Cache\Home\8479806074503e72e49c5859cd23ca43.php 第 400 行.
NOTIC: [8] Undefined index: sj D:\wamp\www\juan\index\Runtime\Cache\Home\8479806074503e72e49c5859cd23ca43.php 第 407 行.
NOTIC: [8] Undefined index: query D:\wamp\www\juan\index\Runtime\Cache\Home\8479806074503e72e49c5859cd23ca43.php 第 432 行.
NOTIC: [8] Undefined index: id D:\wamp\www\juan\index\Runtime\Cache\Home\8479806074503e72e49c5859cd23ca43.php 第 582 行.
NOTIC: [8] Undefined index: status D:\wamp\www\juan\index\Runtime\Cache\Home\8479806074503e72e49c5859cd23ca43.php 第 583 行.
SQL: SHOW COLUMNS FROM `sc_goods_imgs` [ RunTime:0.0080s ]
SQL: SELECT * FROM `sc_goods_imgs` WHERE `gid` = 127 ORDER BY id asc  [ RunTime:0.0010s ]
SQL: SHOW COLUMNS FROM `sc_menu` [ RunTime:0.0050s ]
SQL: SELECT * FROM `sc_menu` WHERE `state` = 2 AND ( id != 123 ) ORDER BY sort asc,id asc  [ RunTime:0.0010s ]
INFO: Run Behavior\ParseTemplateBehavior [ RunTime:0.073004s ]
INFO: [ view_parse ] --END-- [ RunTime:0.073004s ]
INFO: [ view_filter ] --START--
INFO: Run Behavior\WriteHtmlCacheBehavior [ RunTime:0.001000s ]
INFO: [ view_filter ] --END-- [ RunTime:0.002000s ]
INFO: [ app_end ] --START--
INFO: Run Behavior\ShowPageTraceBehavior [ RunTime:0.002000s ]
INFO: [ app_end ] --END-- [ RunTime:0.002000s ]

[ 2018-03-22T14:25:21+08:00 ] 127.0.0.1 /home/good/pingjia.html?p=1&gid=127
INFO: [ app_init ] --START--
INFO: Run Behavior\BuildLiteBehavior [ RunTime:0.000000s ]
INFO: [ app_init ] --END-- [ RunTime:0.001000s ]
INFO: [ app_begin ] --START--
INFO: Run Behavior\ReadHtmlCacheBehavior [ RunTime:0.004001s ]
INFO: [ app_begin ] --END-- [ RunTime:0.004001s ]
SQL: SHOW COLUMNS FROM `sc_information` [ RunTime:0.0140s ]
SQL: SELECT * FROM `sc_information` LIMIT 1   [ RunTime:0.0010s ]
SQL: SHOW COLUMNS FROM `sc_comment` [ RunTime:0.0230s ]
SQL: SELECT COUNT(*) AS tp_count FROM `sc_comment` WHERE `gid` = 127 LIMIT 1   [ RunTime:0.0010s ]
SQL: SELECT o.id,o.cont,o.ptime,u.nick_name,u.photo FROM sc_comment o left join sc_user_infor u on o.uid = u.uid  WHERE o.gid = '127' ORDER BY o.id desc LIMIT 0,6   [ RunTime:0.0120s ]
NOTIC: [2] Missing argument 1 for Think\PageAjax::show(), called in D:\wamp\www\juan\index\Home\Controller\GoodController.class.php on line 62 and defined D:\wamp\www\juan\ThinkPHP\Library\Think\PageAjax.class.php 第 77 行.
INFO: [ view_parse ] --START--
INFO: [ template_filter ] --START--
INFO: Run Behavior\ContentReplaceBehavior [ RunTime:0.000000s ]
INFO: [ template_filter ] --END-- [ RunTime:0.001000s ]
INFO: Run Behavior\ParseTemplateBehavior [ RunTime:0.029001s ]
INFO: [ view_parse ] --END-- [ RunTime:0.030001s ]
INFO: [ view_filter ] --START--
INFO: Run Behavior\WriteHtmlCacheBehavior [ RunTime:0.002001s ]
INFO: [ view_filter ] --END-- [ RunTime:0.002001s ]
INFO: [ app_end ] --START--
INFO: Run Behavior\ShowPageTraceBehavior [ RunTime:0.001000s ]
INFO: [ app_end ] --END-- [ RunTime:0.002000s ]

[ 2018-03-22T14:25:21+08:00 ] 127.0.0.1 /home/cart/cartcount.html
INFO: [ app_init ] --START--
INFO: Run Behavior\BuildLiteBehavior [ RunTime:0.000000s ]
INFO: [ app_init ] --END-- [ RunTime:0.001000s ]
INFO: [ app_begin ] --START--
INFO: Run Behavior\ReadHtmlCacheBehavior [ RunTime:0.001000s ]
INFO: [ app_begin ] --END-- [ RunTime:0.002000s ]

[ 2018-03-22T14:25:21+08:00 ] 127.0.0.1 /home/login/login.html
INFO: [ app_init ] --START--
INFO: Run Behavior\BuildLiteBehavior [ RunTime:0.000000s ]
INFO: [ app_init ] --END-- [ RunTime:0.000000s ]
INFO: [ app_begin ] --START--
INFO: Run Behavior\ReadHtmlCacheBehavior [ RunTime:0.001000s ]
INFO: [ app_begin ] --END-- [ RunTime:0.001000s ]
SQL: SHOW COLUMNS FROM `sc_information` [ RunTime:0.0050s ]
SQL: SELECT * FROM `sc_information` LIMIT 1   [ RunTime:0.0010s ]
INFO: [ view_parse ] --START--
INFO: [ template_filter ] --START--
INFO: Run Behavior\ContentReplaceBehavior [ RunTime:0.001000s ]
INFO: [ template_filter ] --END-- [ RunTime:0.001000s ]
INFO: Run Behavior\ParseTemplateBehavior [ RunTime:0.015001s ]
INFO: [ view_parse ] --END-- [ RunTime:0.016001s ]
INFO: [ view_filter ] --START--
INFO: Run Behavior\WriteHtmlCacheBehavior [ RunTime:0.000000s ]
INFO: [ view_filter ] --END-- [ RunTime:0.000000s ]
INFO: [ app_end ] --START--
INFO: Run Behavior\ShowPageTraceBehavior [ RunTime:0.002000s ]
INFO: [ app_end ] --END-- [ RunTime:0.002000s ]

[ 2018-03-22T15:28:56+08:00 ] 127.0.0.1 /
INFO: [ app_init ] --START--
INFO: Run Behavior\BuildLiteBehavior [ RunTime:0.000000s ]
INFO: [ app_init ] --END-- [ RunTime:0.000000s ]
INFO: [ app_begin ] --START--
INFO: Run Behavior\ReadHtmlCacheBehavior [ RunTime:0.002000s ]
INFO: [ app_begin ] --END-- [ RunTime:0.002000s ]
SQL: SHOW COLUMNS FROM `sc_information` [ RunTime:0.0050s ]
SQL: SELECT * FROM `sc_information` LIMIT 1   [ RunTime:0.0000s ]
SQL: SHOW COLUMNS FROM `sc_goods_class` [ RunTime:0.0060s ]
SQL: SELECT * FROM `sc_goods_class` WHERE ( state = 2 ) ORDER BY sort asc,goods_class_id asc  [ RunTime:0.0010s ]
SQL: SHOW COLUMNS FROM `sc_goods` [ RunTime:0.0050s ]
SQL: SELECT `id`,`goods_title`,`goods_logo`,`price`,`money`,`xfb` FROM `sc_goods` WHERE `tm` = 2 AND `sta` = 3 ORDER BY tm_time desc LIMIT 4   [ RunTime:0.0010s ]
SQL: SELECT `id`,`goods_title`,`goods_logo`,`price`,`xfb` FROM `sc_goods` WHERE `xp` = 2 AND `sta` = 3 ORDER BY xp_time desc LIMIT 8   [ RunTime:0.0010s ]
SQL: SHOW COLUMNS FROM `sc_ban` [ RunTime:0.0050s ]
SQL: SELECT `url`,`logo` FROM `sc_ban` WHERE `state` = 2 AND `type` = 2 ORDER BY sort desc,id desc  [ RunTime:0.0010s ]
INFO: [ view_parse ] --START--
INFO: [ template_filter ] --START--
INFO: Run Behavior\ContentReplaceBehavior [ RunTime:0.000000s ]
INFO: [ template_filter ] --END-- [ RunTime:0.001000s ]
NOTIC: [8] Undefined index: usermobile D:\wamp\www\juan\index\Runtime\Cache\Home\71acd017f8796d9a57923acc8eb6052d.php 第 338 行.
NOTIC: [8] Undefined index: sj D:\wamp\www\juan\index\Runtime\Cache\Home\71acd017f8796d9a57923acc8eb6052d.php 第 345 行.
NOTIC: [8] Undefined index: query D:\wamp\www\juan\index\Runtime\Cache\Home\71acd017f8796d9a57923acc8eb6052d.php 第 370 行.
NOTIC: [8] Undefined index: id D:\wamp\www\juan\index\Runtime\Cache\Home\71acd017f8796d9a57923acc8eb6052d.php 第 542 行.
NOTIC: [8] Undefined index: status D:\wamp\www\juan\index\Runtime\Cache\Home\71acd017f8796d9a57923acc8eb6052d.php 第 543 行.
SQL: SELECT `id`,`goods_title`,`goods_logo`,`goods_cate_id`,`price`,`kucun`,`sell`,`comment`,`xfb` FROM `sc_goods` WHERE `goods_cate_id` = 77 AND `sta` = 3 ORDER BY goods_time desc LIMIT 7   [ RunTime:0.0000s ]
SQL: SELECT `id`,`goods_title`,`goods_logo`,`goods_cate_id`,`price`,`kucun`,`sell`,`comment`,`xfb` FROM `sc_goods` WHERE `goods_cate_id` = 77 AND `sta` = 3 ORDER BY goods_time desc LIMIT 7   [ RunTime:0.0000s ]
SQL: SELECT `id`,`goods_title`,`goods_logo`,`goods_cate_id`,`price`,`kucun`,`sell`,`comment`,`xfb` FROM `sc_goods` WHERE `goods_cate_id` = 79 AND `sta` = 3 ORDER BY goods_time desc LIMIT 7   [ RunTime:0.0000s ]
SQL: SELECT `id`,`goods_title`,`goods_logo`,`goods_cate_id`,`price`,`kucun`,`sell`,`comment`,`xfb` FROM `sc_goods` WHERE `goods_cate_id` = 79 AND `sta` = 3 ORDER BY goods_time desc LIMIT 7   [ RunTime:0.0000s ]
SQL: SELECT `id`,`goods_title`,`goods_logo`,`goods_cate_id`,`price`,`kucun`,`sell`,`comment`,`xfb` FROM `sc_goods` WHERE `goods_cate_id` = 79 AND `sta` = 3 ORDER BY goods_time desc LIMIT 7   [ RunTime:0.0000s ]
SQL: SHOW COLUMNS FROM `sc_menu` [ RunTime:0.0040s ]
SQL: SELECT * FROM `sc_menu` WHERE `state` = 2 AND ( id != 123 ) ORDER BY sort asc,id asc  [ RunTime:0.0010s ]
INFO: Run Behavior\ParseTemplateBehavior [ RunTime:0.101006s ]
INFO: [ view_parse ] --END-- [ RunTime:0.101006s ]
INFO: [ view_filter ] --START--
INFO: Run Behavior\WriteHtmlCacheBehavior [ RunTime:0.001000s ]
INFO: [ view_filter ] --END-- [ RunTime:0.001000s ]
INFO: [ app_end ] --START--
INFO: Run Behavior\ShowPageTraceBehavior [ RunTime:0.001000s ]
INFO: [ app_end ] --END-- [ RunTime:0.001000s ]

[ 2018-03-22T15:28:57+08:00 ] 127.0.0.1 /home/cart/cartcount.html
INFO: [ app_init ] --START--
INFO: Run Behavior\BuildLiteBehavior [ RunTime:0.000000s ]
INFO: [ app_init ] --END-- [ RunTime:0.002001s ]
INFO: [ app_begin ] --START--
INFO: Run Behavior\ReadHtmlCacheBehavior [ RunTime:0.002000s ]
INFO: [ app_begin ] --END-- [ RunTime:0.002000s ]

[ 2018-03-22T15:28:57+08:00 ] 127.0.0.1 /home/login/login.html
INFO: [ app_init ] --START--
INFO: Run Behavior\BuildLiteBehavior [ RunTime:0.000000s ]
INFO: [ app_init ] --END-- [ RunTime:0.001000s ]
INFO: [ app_begin ] --START--
INFO: Run Behavior\ReadHtmlCacheBehavior [ RunTime:0.002000s ]
INFO: [ app_begin ] --END-- [ RunTime:0.002000s ]
SQL: SHOW COLUMNS FROM `sc_information` [ RunTime:0.0100s ]
SQL: SELECT * FROM `sc_information` LIMIT 1   [ RunTime:0.0010s ]
INFO: [ view_parse ] --START--
INFO: [ template_filter ] --START--
INFO: Run Behavior\ContentReplaceBehavior [ RunTime:0.000000s ]
INFO: [ template_filter ] --END-- [ RunTime:0.000000s ]
INFO: Run Behavior\ParseTemplateBehavior [ RunTime:0.027002s ]
INFO: [ view_parse ] --END-- [ RunTime:0.028002s ]
INFO: [ view_filter ] --START--
INFO: Run Behavior\WriteHtmlCacheBehavior [ RunTime:0.003000s ]
INFO: [ view_filter ] --END-- [ RunTime:0.003000s ]
INFO: [ app_end ] --START--
INFO: Run Behavior\ShowPageTraceBehavior [ RunTime:0.006000s ]
INFO: [ app_end ] --END-- [ RunTime:0.006000s ]

