[ 2018-03-15T14:16:11+08:00 ] 127.0.0.1 /shopme.php
INFO: [ app_init ] --START--
INFO: Run Behavior\BuildLiteBehavior [ RunTime:0.000000s ]
INFO: [ app_init ] --END-- [ RunTime:0.001000s ]
INFO: [ app_begin ] --START--
INFO: Run Behavior\ReadHtmlCacheBehavior [ RunTime:0.001000s ]
INFO: [ app_begin ] --END-- [ RunTime:0.001000s ]

[ 2018-03-15T14:16:11+08:00 ] 127.0.0.1 /shopme.php?s=/home/login/login.html
INFO: [ app_init ] --START--
INFO: Run Behavior\BuildLiteBehavior [ RunTime:0.000000s ]
INFO: [ app_init ] --END-- [ RunTime:0.001000s ]
INFO: [ app_begin ] --START--
INFO: Run Behavior\ReadHtmlCacheBehavior [ RunTime:0.001000s ]
INFO: [ app_begin ] --END-- [ RunTime:0.001000s ]
INFO: [ view_parse ] --START--
INFO: [ template_filter ] --START--
INFO: Run Behavior\ContentReplaceBehavior [ RunTime:0.000000s ]
INFO: [ template_filter ] --END-- [ RunTime:0.001000s ]
INFO: Run Behavior\ParseTemplateBehavior [ RunTime:0.011000s ]
INFO: [ view_parse ] --END-- [ RunTime:0.012000s ]
INFO: [ view_filter ] --START--
INFO: Run Behavior\WriteHtmlCacheBehavior [ RunTime:0.001000s ]
INFO: [ view_filter ] --END-- [ RunTime:0.001000s ]
INFO: [ app_end ] --START--
INFO: Run Behavior\ShowPageTraceBehavior [ RunTime:0.001000s ]
INFO: [ app_end ] --END-- [ RunTime:0.001000s ]

[ 2018-03-15T14:16:21+08:00 ] 127.0.0.1 /shopme.php?s=/home/login/dologin.html
INFO: [ app_init ] --START--
INFO: Run Behavior\BuildLiteBehavior [ RunTime:0.001000s ]
INFO: [ app_init ] --END-- [ RunTime:0.003000s ]
INFO: [ app_begin ] --START--
INFO: Run Behavior\ReadHtmlCacheBehavior [ RunTime:0.015001s ]
INFO: [ app_begin ] --END-- [ RunTime:0.016001s ]
SQL: SHOW COLUMNS FROM `sc_admin` [ RunTime:0.0510s ]
SQL: SELECT `id`,`account`,`pwd`,`str`,`state`,`auth` FROM `sc_admin` WHERE `account` = 'shop' LIMIT 1   [ RunTime:0.0330s ]

[ 2018-03-15T14:16:23+08:00 ] 127.0.0.1 /shopme.php?s=/home/index/index.html
INFO: [ app_init ] --START--
INFO: Run Behavior\BuildLiteBehavior [ RunTime:0.000000s ]
INFO: [ app_init ] --END-- [ RunTime:0.001000s ]
INFO: [ app_begin ] --START--
INFO: Run Behavior\ReadHtmlCacheBehavior [ RunTime:0.000000s ]
INFO: [ app_begin ] --END-- [ RunTime:0.001000s ]
INFO: [ view_parse ] --START--
INFO: [ template_filter ] --START--
INFO: Run Behavior\ContentReplaceBehavior [ RunTime:0.000000s ]
INFO: [ template_filter ] --END-- [ RunTime:0.000000s ]
INFO: Run Behavior\ParseTemplateBehavior [ RunTime:0.117007s ]
INFO: [ view_parse ] --END-- [ RunTime:0.117007s ]
INFO: [ view_filter ] --START--
INFO: Run Behavior\WriteHtmlCacheBehavior [ RunTime:0.004000s ]
INFO: [ view_filter ] --END-- [ RunTime:0.004000s ]
INFO: [ app_end ] --START--
INFO: Run Behavior\ShowPageTraceBehavior [ RunTime:0.023001s ]
INFO: [ app_end ] --END-- [ RunTime:0.023001s ]

[ 2018-03-15T14:16:26+08:00 ] 127.0.0.1 /shopme.php?s=/home/bao/baolist.html
INFO: [ app_init ] --START--
INFO: Run Behavior\BuildLiteBehavior [ RunTime:0.000000s ]
INFO: [ app_init ] --END-- [ RunTime:0.000000s ]
INFO: [ app_begin ] --START--
INFO: Run Behavior\ReadHtmlCacheBehavior [ RunTime:0.000000s ]
INFO: [ app_begin ] --END-- [ RunTime:0.000000s ]
SQL: SHOW COLUMNS FROM `sc_buy_bao` [ RunTime:0.0500s ]
SQL: SELECT COUNT(*) AS tp_count FROM `sc_buy_bao` LIMIT 1   [ RunTime:0.0330s ]
SQL: SELECT * FROM `sc_buy_bao` ORDER BY id desc LIMIT 0,10   [ RunTime:0.0330s ]
INFO: [ view_parse ] --START--
INFO: [ template_filter ] --START--
INFO: Run Behavior\ContentReplaceBehavior [ RunTime:0.000000s ]
INFO: [ template_filter ] --END-- [ RunTime:0.000000s ]
NOTIC: [8] Undefined index: mob D:\wamp\www\appid92kqdz1njf\shopme\Runtime\Cache\Home\9a0fe2a982de23da2e3124580a2372ad.php 第 347 行.
NOTIC: [8] Use of undefined constant type - assumed 'type' D:\wamp\www\appid92kqdz1njf\shopme\Runtime\Cache\Home\9a0fe2a982de23da2e3124580a2372ad.php 第 369 行.
NOTIC: [8] Use of undefined constant status - assumed 'status' D:\wamp\www\appid92kqdz1njf\shopme\Runtime\Cache\Home\9a0fe2a982de23da2e3124580a2372ad.php 第 378 行.
NOTIC: [8] Use of undefined constant buy_time - assumed 'buy_time' D:\wamp\www\appid92kqdz1njf\shopme\Runtime\Cache\Home\9a0fe2a982de23da2e3124580a2372ad.php 第 386 行.
NOTIC: [8] Use of undefined constant status - assumed 'status' D:\wamp\www\appid92kqdz1njf\shopme\Runtime\Cache\Home\9a0fe2a982de23da2e3124580a2372ad.php 第 388 行.
NOTIC: [8] Use of undefined constant type - assumed 'type' D:\wamp\www\appid92kqdz1njf\shopme\Runtime\Cache\Home\9a0fe2a982de23da2e3124580a2372ad.php 第 369 行.
NOTIC: [8] Use of undefined constant type - assumed 'type' D:\wamp\www\appid92kqdz1njf\shopme\Runtime\Cache\Home\9a0fe2a982de23da2e3124580a2372ad.php 第 370 行.
NOTIC: [8] Use of undefined constant type - assumed 'type' D:\wamp\www\appid92kqdz1njf\shopme\Runtime\Cache\Home\9a0fe2a982de23da2e3124580a2372ad.php 第 372 行.
NOTIC: [8] Use of undefined constant type - assumed 'type' D:\wamp\www\appid92kqdz1njf\shopme\Runtime\Cache\Home\9a0fe2a982de23da2e3124580a2372ad.php 第 374 行.
NOTIC: [8] Use of undefined constant status - assumed 'status' D:\wamp\www\appid92kqdz1njf\shopme\Runtime\Cache\Home\9a0fe2a982de23da2e3124580a2372ad.php 第 378 行.
NOTIC: [8] Use of undefined constant status - assumed 'status' D:\wamp\www\appid92kqdz1njf\shopme\Runtime\Cache\Home\9a0fe2a982de23da2e3124580a2372ad.php 第 379 行.
NOTIC: [8] Use of undefined constant status - assumed 'status' D:\wamp\www\appid92kqdz1njf\shopme\Runtime\Cache\Home\9a0fe2a982de23da2e3124580a2372ad.php 第 381 行.
NOTIC: [8] Use of undefined constant status - assumed 'status' D:\wamp\www\appid92kqdz1njf\shopme\Runtime\Cache\Home\9a0fe2a982de23da2e3124580a2372ad.php 第 383 行.
NOTIC: [8] Use of undefined constant buy_time - assumed 'buy_time' D:\wamp\www\appid92kqdz1njf\shopme\Runtime\Cache\Home\9a0fe2a982de23da2e3124580a2372ad.php 第 386 行.
NOTIC: [8] Use of undefined constant status - assumed 'status' D:\wamp\www\appid92kqdz1njf\shopme\Runtime\Cache\Home\9a0fe2a982de23da2e3124580a2372ad.php 第 388 行.
NOTIC: [8] Use of undefined constant status - assumed 'status' D:\wamp\www\appid92kqdz1njf\shopme\Runtime\Cache\Home\9a0fe2a982de23da2e3124580a2372ad.php 第 395 行.
NOTIC: [8] Use of undefined constant status - assumed 'status' D:\wamp\www\appid92kqdz1njf\shopme\Runtime\Cache\Home\9a0fe2a982de23da2e3124580a2372ad.php 第 397 行.
NOTIC: [8] Use of undefined constant status - assumed 'status' D:\wamp\www\appid92kqdz1njf\shopme\Runtime\Cache\Home\9a0fe2a982de23da2e3124580a2372ad.php 第 399 行.
NOTIC: [8] Use of undefined constant type - assumed 'type' D:\wamp\www\appid92kqdz1njf\shopme\Runtime\Cache\Home\9a0fe2a982de23da2e3124580a2372ad.php 第 369 行.
NOTIC: [8] Use of undefined constant type - assumed 'type' D:\wamp\www\appid92kqdz1njf\shopme\Runtime\Cache\Home\9a0fe2a982de23da2e3124580a2372ad.php 第 370 行.
NOTIC: [8] Use of undefined constant type - assumed 'type' D:\wamp\www\appid92kqdz1njf\shopme\Runtime\Cache\Home\9a0fe2a982de23da2e3124580a2372ad.php 第 372 行.
NOTIC: [8] Use of undefined constant type - assumed 'type' D:\wamp\www\appid92kqdz1njf\shopme\Runtime\Cache\Home\9a0fe2a982de23da2e3124580a2372ad.php 第 374 行.
NOTIC: [8] Use of undefined constant status - assumed 'status' D:\wamp\www\appid92kqdz1njf\shopme\Runtime\Cache\Home\9a0fe2a982de23da2e3124580a2372ad.php 第 378 行.
NOTIC: [8] Use of undefined constant status - assumed 'status' D:\wamp\www\appid92kqdz1njf\shopme\Runtime\Cache\Home\9a0fe2a982de23da2e3124580a2372ad.php 第 379 行.
NOTIC: [8] Use of undefined constant status - assumed 'status' D:\wamp\www\appid92kqdz1njf\shopme\Runtime\Cache\Home\9a0fe2a982de23da2e3124580a2372ad.php 第 381 行.
NOTIC: [8] Use of undefined constant buy_time - assumed 'buy_time' D:\wamp\www\appid92kqdz1njf\shopme\Runtime\Cache\Home\9a0fe2a982de23da2e3124580a2372ad.php 第 386 行.
NOTIC: [8] Use of undefined constant status - assumed 'status' D:\wamp\www\appid92kqdz1njf\shopme\Runtime\Cache\Home\9a0fe2a982de23da2e3124580a2372ad.php 第 388 行.
NOTIC: [8] Use of undefined constant status - assumed 'status' D:\wamp\www\appid92kqdz1njf\shopme\Runtime\Cache\Home\9a0fe2a982de23da2e3124580a2372ad.php 第 395 行.
NOTIC: [8] Use of undefined constant status - assumed 'status' D:\wamp\www\appid92kqdz1njf\shopme\Runtime\Cache\Home\9a0fe2a982de23da2e3124580a2372ad.php 第 397 行.
NOTIC: [8] Use of undefined constant type - assumed 'type' D:\wamp\www\appid92kqdz1njf\shopme\Runtime\Cache\Home\9a0fe2a982de23da2e3124580a2372ad.php 第 369 行.
NOTIC: [8] Use of undefined constant type - assumed 'type' D:\wamp\www\appid92kqdz1njf\shopme\Runtime\Cache\Home\9a0fe2a982de23da2e3124580a2372ad.php 第 370 行.
NOTIC: [8] Use of undefined constant type - assumed 'type' D:\wamp\www\appid92kqdz1njf\shopme\Runtime\Cache\Home\9a0fe2a982de23da2e3124580a2372ad.php 第 372 行.
NOTIC: [8] Use of undefined constant type - assumed 'type' D:\wamp\www\appid92kqdz1njf\shopme\Runtime\Cache\Home\9a0fe2a982de23da2e3124580a2372ad.php 第 374 行.
NOTIC: [8] Use of undefined constant status - assumed 'status' D:\wamp\www\appid92kqdz1njf\shopme\Runtime\Cache\Home\9a0fe2a982de23da2e3124580a2372ad.php 第 378 行.
NOTIC: [8] Use of undefined constant status - assumed 'status' D:\wamp\www\appid92kqdz1njf\shopme\Runtime\Cache\Home\9a0fe2a982de23da2e3124580a2372ad.php 第 379 行.
NOTIC: [8] Use of undefined constant status - assumed 'status' D:\wamp\www\appid92kqdz1njf\shopme\Runtime\Cache\Home\9a0fe2a982de23da2e3124580a2372ad.php 第 381 行.
NOTIC: [8] Use of undefined constant buy_time - assumed 'buy_time' D:\wamp\www\appid92kqdz1njf\shopme\Runtime\Cache\Home\9a0fe2a982de23da2e3124580a2372ad.php 第 386 行.
NOTIC: [8] Use of undefined constant status - assumed 'status' D:\wamp\www\appid92kqdz1njf\shopme\Runtime\Cache\Home\9a0fe2a982de23da2e3124580a2372ad.php 第 388 行.
NOTIC: [8] Use of undefined constant status - assumed 'status' D:\wamp\www\appid92kqdz1njf\shopme\Runtime\Cache\Home\9a0fe2a982de23da2e3124580a2372ad.php 第 395 行.
NOTIC: [8] Use of undefined constant status - assumed 'status' D:\wamp\www\appid92kqdz1njf\shopme\Runtime\Cache\Home\9a0fe2a982de23da2e3124580a2372ad.php 第 397 行.
NOTIC: [8] Use of undefined constant type - assumed 'type' D:\wamp\www\appid92kqdz1njf\shopme\Runtime\Cache\Home\9a0fe2a982de23da2e3124580a2372ad.php 第 369 行.
NOTIC: [8] Use of undefined constant type - assumed 'type' D:\wamp\www\appid92kqdz1njf\shopme\Runtime\Cache\Home\9a0fe2a982de23da2e3124580a2372ad.php 第 370 行.
NOTIC: [8] Use of undefined constant type - assumed 'type' D:\wamp\www\appid92kqdz1njf\shopme\Runtime\Cache\Home\9a0fe2a982de23da2e3124580a2372ad.php 第 372 行.
NOTIC: [8] Use of undefined constant type - assumed 'type' D:\wamp\www\appid92kqdz1njf\shopme\Runtime\Cache\Home\9a0fe2a982de23da2e3124580a2372ad.php 第 374 行.
NOTIC: [8] Use of undefined constant status - assumed 'status' D:\wamp\www\appid92kqdz1njf\shopme\Runtime\Cache\Home\9a0fe2a982de23da2e3124580a2372ad.php 第 378 行.
NOTIC: [8] Use of undefined constant status - assumed 'status' D:\wamp\www\appid92kqdz1njf\shopme\Runtime\Cache\Home\9a0fe2a982de23da2e3124580a2372ad.php 第 379 行.
NOTIC: [8] Use of undefined constant status - assumed 'status' D:\wamp\www\appid92kqdz1njf\shopme\Runtime\Cache\Home\9a0fe2a982de23da2e3124580a2372ad.php 第 381 行.
NOTIC: [8] Use of undefined constant buy_time - assumed 'buy_time' D:\wamp\www\appid92kqdz1njf\shopme\Runtime\Cache\Home\9a0fe2a982de23da2e3124580a2372ad.php 第 386 行.
NOTIC: [8] Use of undefined constant status - assumed 'status' D:\wamp\www\appid92kqdz1njf\shopme\Runtime\Cache\Home\9a0fe2a982de23da2e3124580a2372ad.php 第 388 行.
NOTIC: [8] Use of undefined constant status - assumed 'status' D:\wamp\www\appid92kqdz1njf\shopme\Runtime\Cache\Home\9a0fe2a982de23da2e3124580a2372ad.php 第 395 行.
NOTIC: [8] Use of undefined constant status - assumed 'status' D:\wamp\www\appid92kqdz1njf\shopme\Runtime\Cache\Home\9a0fe2a982de23da2e3124580a2372ad.php 第 397 行.
NOTIC: [8] Use of undefined constant type - assumed 'type' D:\wamp\www\appid92kqdz1njf\shopme\Runtime\Cache\Home\9a0fe2a982de23da2e3124580a2372ad.php 第 369 行.
NOTIC: [8] Use of undefined constant type - assumed 'type' D:\wamp\www\appid92kqdz1njf\shopme\Runtime\Cache\Home\9a0fe2a982de23da2e3124580a2372ad.php 第 370 行.
NOTIC: [8] Use of undefined constant type - assumed 'type' D:\wamp\www\appid92kqdz1njf\shopme\Runtime\Cache\Home\9a0fe2a982de23da2e3124580a2372ad.php 第 372 行.
NOTIC: [8] Use of undefined constant type - assumed 'type' D:\wamp\www\appid92kqdz1njf\shopme\Runtime\Cache\Home\9a0fe2a982de23da2e3124580a2372ad.php 第 374 行.
NOTIC: [8] Use of undefined constant status - assumed 'status' D:\wamp\www\appid92kqdz1njf\shopme\Runtime\Cache\Home\9a0fe2a982de23da2e3124580a2372ad.php 第 378 行.
NOTIC: [8] Use of undefined constant status - assumed 'status' D:\wamp\www\appid92kqdz1njf\shopme\Runtime\Cache\Home\9a0fe2a982de23da2e3124580a2372ad.php 第 379 行.
NOTIC: [8] Use of undefined constant status - assumed 'status' D:\wamp\www\appid92kqdz1njf\shopme\Runtime\Cache\Home\9a0fe2a982de23da2e3124580a2372ad.php 第 381 行.
NOTIC: [8] Use of undefined constant buy_time - assumed 'buy_time' D:\wamp\www\appid92kqdz1njf\shopme\Runtime\Cache\Home\9a0fe2a982de23da2e3124580a2372ad.php 第 386 行.
NOTIC: [8] Use of undefined constant status - assumed 'status' D:\wamp\www\appid92kqdz1njf\shopme\Runtime\Cache\Home\9a0fe2a982de23da2e3124580a2372ad.php 第 388 行.
NOTIC: [8] Use of undefined constant status - assumed 'status' D:\wamp\www\appid92kqdz1njf\shopme\Runtime\Cache\Home\9a0fe2a982de23da2e3124580a2372ad.php 第 395 行.
NOTIC: [8] Use of undefined constant status - assumed 'status' D:\wamp\www\appid92kqdz1njf\shopme\Runtime\Cache\Home\9a0fe2a982de23da2e3124580a2372ad.php 第 397 行.
NOTIC: [8] Use of undefined constant type - assumed 'type' D:\wamp\www\appid92kqdz1njf\shopme\Runtime\Cache\Home\9a0fe2a982de23da2e3124580a2372ad.php 第 369 行.
NOTIC: [8] Use of undefined constant status - assumed 'status' D:\wamp\www\appid92kqdz1njf\shopme\Runtime\Cache\Home\9a0fe2a982de23da2e3124580a2372ad.php 第 378 行.
NOTIC: [8] Use of undefined constant status - assumed 'status' D:\wamp\www\appid92kqdz1njf\shopme\Runtime\Cache\Home\9a0fe2a982de23da2e3124580a2372ad.php 第 379 行.
NOTIC: [8] Use of undefined constant status - assumed 'status' D:\wamp\www\appid92kqdz1njf\shopme\Runtime\Cache\Home\9a0fe2a982de23da2e3124580a2372ad.php 第 381 行.
NOTIC: [8] Use of undefined constant buy_time - assumed 'buy_time' D:\wamp\www\appid92kqdz1njf\shopme\Runtime\Cache\Home\9a0fe2a982de23da2e3124580a2372ad.php 第 386 行.
NOTIC: [8] Use of undefined constant status - assumed 'status' D:\wamp\www\appid92kqdz1njf\shopme\Runtime\Cache\Home\9a0fe2a982de23da2e3124580a2372ad.php 第 388 行.
NOTIC: [8] Use of undefined constant status - assumed 'status' D:\wamp\www\appid92kqdz1njf\shopme\Runtime\Cache\Home\9a0fe2a982de23da2e3124580a2372ad.php 第 395 行.
NOTIC: [8] Use of undefined constant status - assumed 'status' D:\wamp\www\appid92kqdz1njf\shopme\Runtime\Cache\Home\9a0fe2a982de23da2e3124580a2372ad.php 第 397 行.
NOTIC: [8] Use of undefined constant type - assumed 'type' D:\wamp\www\appid92kqdz1njf\shopme\Runtime\Cache\Home\9a0fe2a982de23da2e3124580a2372ad.php 第 369 行.
NOTIC: [8] Use of undefined constant status - assumed 'status' D:\wamp\www\appid92kqdz1njf\shopme\Runtime\Cache\Home\9a0fe2a982de23da2e3124580a2372ad.php 第 378 行.
NOTIC: [8] Use of undefined constant status - assumed 'status' D:\wamp\www\appid92kqdz1njf\shopme\Runtime\Cache\Home\9a0fe2a982de23da2e3124580a2372ad.php 第 379 行.
NOTIC: [8] Use of undefined constant status - assumed 'status' D:\wamp\www\appid92kqdz1njf\shopme\Runtime\Cache\Home\9a0fe2a982de23da2e3124580a2372ad.php 第 381 行.
NOTIC: [8] Use of undefined constant buy_time - assumed 'buy_time' D:\wamp\www\appid92kqdz1njf\shopme\Runtime\Cache\Home\9a0fe2a982de23da2e3124580a2372ad.php 第 386 行.
NOTIC: [8] Use of undefined constant status - assumed 'status' D:\wamp\www\appid92kqdz1njf\shopme\Runtime\Cache\Home\9a0fe2a982de23da2e3124580a2372ad.php 第 388 行.
NOTIC: [8] Use of undefined constant status - assumed 'status' D:\wamp\www\appid92kqdz1njf\shopme\Runtime\Cache\Home\9a0fe2a982de23da2e3124580a2372ad.php 第 395 行.
NOTIC: [8] Use of undefined constant status - assumed 'status' D:\wamp\www\appid92kqdz1njf\shopme\Runtime\Cache\Home\9a0fe2a982de23da2e3124580a2372ad.php 第 397 行.
NOTIC: [8] Use of undefined constant type - assumed 'type' D:\wamp\www\appid92kqdz1njf\shopme\Runtime\Cache\Home\9a0fe2a982de23da2e3124580a2372ad.php 第 369 行.
NOTIC: [8] Use of undefined constant status - assumed 'status' D:\wamp\www\appid92kqdz1njf\shopme\Runtime\Cache\Home\9a0fe2a982de23da2e3124580a2372ad.php 第 378 行.
NOTIC: [8] Use of undefined constant status - assumed 'status' D:\wamp\www\appid92kqdz1njf\shopme\Runtime\Cache\Home\9a0fe2a982de23da2e3124580a2372ad.php 第 379 行.
NOTIC: [8] Use of undefined constant buy_time - assumed 'buy_time' D:\wamp\www\appid92kqdz1njf\shopme\Runtime\Cache\Home\9a0fe2a982de23da2e3124580a2372ad.php 第 386 行.
NOTIC: [8] Use of undefined constant status - assumed 'status' D:\wamp\www\appid92kqdz1njf\shopme\Runtime\Cache\Home\9a0fe2a982de23da2e3124580a2372ad.php 第 388 行.
NOTIC: [8] Use of undefined constant status - assumed 'status' D:\wamp\www\appid92kqdz1njf\shopme\Runtime\Cache\Home\9a0fe2a982de23da2e3124580a2372ad.php 第 395 行.
NOTIC: [8] Use of undefined constant type - assumed 'type' D:\wamp\www\appid92kqdz1njf\shopme\Runtime\Cache\Home\9a0fe2a982de23da2e3124580a2372ad.php 第 369 行.
NOTIC: [8] Use of undefined constant type - assumed 'type' D:\wamp\www\appid92kqdz1njf\shopme\Runtime\Cache\Home\9a0fe2a982de23da2e3124580a2372ad.php 第 370 行.
NOTIC: [8] Use of undefined constant type - assumed 'type' D:\wamp\www\appid92kqdz1njf\shopme\Runtime\Cache\Home\9a0fe2a982de23da2e3124580a2372ad.php 第 372 行.
NOTIC: [8] Use of undefined constant type - assumed 'type' D:\wamp\www\appid92kqdz1njf\shopme\Runtime\Cache\Home\9a0fe2a982de23da2e3124580a2372ad.php 第 374 行.
NOTIC: [8] Use of undefined constant status - assumed 'status' D:\wamp\www\appid92kqdz1njf\shopme\Runtime\Cache\Home\9a0fe2a982de23da2e3124580a2372ad.php 第 378 行.
NOTIC: [8] Use of undefined constant status - assumed 'status' D:\wamp\www\appid92kqdz1njf\shopme\Runtime\Cache\Home\9a0fe2a982de23da2e3124580a2372ad.php 第 379 行.
NOTIC: [8] Use of undefined constant status - assumed 'status' D:\wamp\www\appid92kqdz1njf\shopme\Runtime\Cache\Home\9a0fe2a982de23da2e3124580a2372ad.php 第 381 行.
NOTIC: [8] Use of undefined constant buy_time - assumed 'buy_time' D:\wamp\www\appid92kqdz1njf\shopme\Runtime\Cache\Home\9a0fe2a982de23da2e3124580a2372ad.php 第 386 行.
NOTIC: [8] Use of undefined constant status - assumed 'status' D:\wamp\www\appid92kqdz1njf\shopme\Runtime\Cache\Home\9a0fe2a982de23da2e3124580a2372ad.php 第 388 行.
NOTIC: [8] Use of undefined constant status - assumed 'status' D:\wamp\www\appid92kqdz1njf\shopme\Runtime\Cache\Home\9a0fe2a982de23da2e3124580a2372ad.php 第 395 行.
NOTIC: [8] Use of undefined constant status - assumed 'status' D:\wamp\www\appid92kqdz1njf\shopme\Runtime\Cache\Home\9a0fe2a982de23da2e3124580a2372ad.php 第 397 行.
INFO: Run Behavior\ParseTemplateBehavior [ RunTime:0.076004s ]
INFO: [ view_parse ] --END-- [ RunTime:0.078004s ]
INFO: [ view_filter ] --START--
INFO: Run Behavior\WriteHtmlCacheBehavior [ RunTime:0.002001s ]
INFO: [ view_filter ] --END-- [ RunTime:0.004001s ]
INFO: [ app_end ] --START--
INFO: Run Behavior\ShowPageTraceBehavior [ RunTime:0.005000s ]
INFO: [ app_end ] --END-- [ RunTime:0.006000s ]

[ 2018-03-15T14:16:30+08:00 ] 127.0.0.1 /shopme.php?s=/home/bao/settype.html
INFO: [ app_init ] --START--
INFO: Run Behavior\BuildLiteBehavior [ RunTime:0.000000s ]
INFO: [ app_init ] --END-- [ RunTime:0.001000s ]
INFO: [ app_begin ] --START--
INFO: Run Behavior\ReadHtmlCacheBehavior [ RunTime:0.002000s ]
INFO: [ app_begin ] --END-- [ RunTime:0.002000s ]
SQL: SHOW COLUMNS FROM `sc_buy_bao` [ RunTime:0.0500s ]
SQL: UPDATE `sc_buy_bao` SET `status`='3' WHERE `id` = 64 [ RunTime:0.0310s ]

[ 2018-03-15T14:16:33+08:00 ] 127.0.0.1 /shopme.php?s=/home/bao/baolist.html
INFO: [ app_init ] --START--
INFO: Run Behavior\BuildLiteBehavior [ RunTime:0.000000s ]
INFO: [ app_init ] --END-- [ RunTime:0.000000s ]
INFO: [ app_begin ] --START--
INFO: Run Behavior\ReadHtmlCacheBehavior [ RunTime:0.002000s ]
INFO: [ app_begin ] --END-- [ RunTime:0.002000s ]
SQL: SHOW COLUMNS FROM `sc_buy_bao` [ RunTime:0.0510s ]
SQL: SELECT COUNT(*) AS tp_count FROM `sc_buy_bao` LIMIT 1   [ RunTime:0.0350s ]
SQL: SELECT * FROM `sc_buy_bao` ORDER BY id desc LIMIT 0,10   [ RunTime:0.0330s ]
INFO: [ view_parse ] --START--
INFO: [ template_filter ] --START--
INFO: Run Behavior\ContentReplaceBehavior [ RunTime:0.000000s ]
INFO: [ template_filter ] --END-- [ RunTime:0.000000s ]
NOTIC: [8] Undefined index: mob D:\wamp\www\appid92kqdz1njf\shopme\Runtime\Cache\Home\9a0fe2a982de23da2e3124580a2372ad.php 第 347 行.
NOTIC: [8] Use of undefined constant type - assumed 'type' D:\wamp\www\appid92kqdz1njf\shopme\Runtime\Cache\Home\9a0fe2a982de23da2e3124580a2372ad.php 第 369 行.
NOTIC: [8] Use of undefined constant status - assumed 'status' D:\wamp\www\appid92kqdz1njf\shopme\Runtime\Cache\Home\9a0fe2a982de23da2e3124580a2372ad.php 第 378 行.
NOTIC: [8] Use of undefined constant status - assumed 'status' D:\wamp\www\appid92kqdz1njf\shopme\Runtime\Cache\Home\9a0fe2a982de23da2e3124580a2372ad.php 第 379 行.
NOTIC: [8] Use of undefined constant buy_time - assumed 'buy_time' D:\wamp\www\appid92kqdz1njf\shopme\Runtime\Cache\Home\9a0fe2a982de23da2e3124580a2372ad.php 第 386 行.
NOTIC: [8] Use of undefined constant status - assumed 'status' D:\wamp\www\appid92kqdz1njf\shopme\Runtime\Cache\Home\9a0fe2a982de23da2e3124580a2372ad.php 第 388 行.
NOTIC: [8] Use of undefined constant status - assumed 'status' D:\wamp\www\appid92kqdz1njf\shopme\Runtime\Cache\Home\9a0fe2a982de23da2e3124580a2372ad.php 第 395 行.
NOTIC: [8] Use of undefined constant type - assumed 'type' D:\wamp\www\appid92kqdz1njf\shopme\Runtime\Cache\Home\9a0fe2a982de23da2e3124580a2372ad.php 第 369 行.
NOTIC: [8] Use of undefined constant type - assumed 'type' D:\wamp\www\appid92kqdz1njf\shopme\Runtime\Cache\Home\9a0fe2a982de23da2e3124580a2372ad.php 第 370 行.
NOTIC: [8] Use of undefined constant type - assumed 'type' D:\wamp\www\appid92kqdz1njf\shopme\Runtime\Cache\Home\9a0fe2a982de23da2e3124580a2372ad.php 第 372 行.
NOTIC: [8] Use of undefined constant type - assumed 'type' D:\wamp\www\appid92kqdz1njf\shopme\Runtime\Cache\Home\9a0fe2a982de23da2e3124580a2372ad.php 第 374 行.
NOTIC: [8] Use of undefined constant status - assumed 'status' D:\wamp\www\appid92kqdz1njf\shopme\Runtime\Cache\Home\9a0fe2a982de23da2e3124580a2372ad.php 第 378 行.
NOTIC: [8] Use of undefined constant status - assumed 'status' D:\wamp\www\appid92kqdz1njf\shopme\Runtime\Cache\Home\9a0fe2a982de23da2e3124580a2372ad.php 第 379 行.
NOTIC: [8] Use of undefined constant status - assumed 'status' D:\wamp\www\appid92kqdz1njf\shopme\Runtime\Cache\Home\9a0fe2a982de23da2e3124580a2372ad.php 第 381 行.
NOTIC: [8] Use of undefined constant status - assumed 'status' D:\wamp\www\appid92kqdz1njf\shopme\Runtime\Cache\Home\9a0fe2a982de23da2e3124580a2372ad.php 第 383 行.
NOTIC: [8] Use of undefined constant buy_time - assumed 'buy_time' D:\wamp\www\appid92kqdz1njf\shopme\Runtime\Cache\Home\9a0fe2a982de23da2e3124580a2372ad.php 第 386 行.
NOTIC: [8] Use of undefined constant status - assumed 'status' D:\wamp\www\appid92kqdz1njf\shopme\Runtime\Cache\Home\9a0fe2a982de23da2e3124580a2372ad.php 第 388 行.
NOTIC: [8] Use of undefined constant status - assumed 'status' D:\wamp\www\appid92kqdz1njf\shopme\Runtime\Cache\Home\9a0fe2a982de23da2e3124580a2372ad.php 第 395 行.
NOTIC: [8] Use of undefined constant status - assumed 'status' D:\wamp\www\appid92kqdz1njf\shopme\Runtime\Cache\Home\9a0fe2a982de23da2e3124580a2372ad.php 第 397 行.
NOTIC: [8] Use of undefined constant status - assumed 'status' D:\wamp\www\appid92kqdz1njf\shopme\Runtime\Cache\Home\9a0fe2a982de23da2e3124580a2372ad.php 第 399 行.
NOTIC: [8] Use of undefined constant type - assumed 'type' D:\wamp\www\appid92kqdz1njf\shopme\Runtime\Cache\Home\9a0fe2a982de23da2e3124580a2372ad.php 第 369 行.
NOTIC: [8] Use of undefined constant type - assumed 'type' D:\wamp\www\appid92kqdz1njf\shopme\Runtime\Cache\Home\9a0fe2a982de23da2e3124580a2372ad.php 第 370 行.
NOTIC: [8] Use of undefined constant type - assumed 'type' D:\wamp\www\appid92kqdz1njf\shopme\Runtime\Cache\Home\9a0fe2a982de23da2e3124580a2372ad.php 第 372 行.
NOTIC: [8] Use of undefined constant type - assumed 'type' D:\wamp\www\appid92kqdz1njf\shopme\Runtime\Cache\Home\9a0fe2a982de23da2e3124580a2372ad.php 第 374 行.
NOTIC: [8] Use of undefined constant status - assumed 'status' D:\wamp\www\appid92kqdz1njf\shopme\Runtime\Cache\Home\9a0fe2a982de23da2e3124580a2372ad.php 第 378 行.
NOTIC: [8] Use of undefined constant status - assumed 'status' D:\wamp\www\appid92kqdz1njf\shopme\Runtime\Cache\Home\9a0fe2a982de23da2e3124580a2372ad.php 第 379 行.
NOTIC: [8] Use of undefined constant status - assumed 'status' D:\wamp\www\appid92kqdz1njf\shopme\Runtime\Cache\Home\9a0fe2a982de23da2e3124580a2372ad.php 第 381 行.
NOTIC: [8] Use of undefined constant buy_time - assumed 'buy_time' D:\wamp\www\appid92kqdz1njf\shopme\Runtime\Cache\Home\9a0fe2a982de23da2e3124580a2372ad.php 第 386 行.
NOTIC: [8] Use of undefined constant status - assumed 'status' D:\wamp\www\appid92kqdz1njf\shopme\Runtime\Cache\Home\9a0fe2a982de23da2e3124580a2372ad.php 第 388 行.
NOTIC: [8] Use of undefined constant status - assumed 'status' D:\wamp\www\appid92kqdz1njf\shopme\Runtime\Cache\Home\9a0fe2a982de23da2e3124580a2372ad.php 第 395 行.
NOTIC: [8] Use of undefined constant status - assumed 'status' D:\wamp\www\appid92kqdz1njf\shopme\Runtime\Cache\Home\9a0fe2a982de23da2e3124580a2372ad.php 第 397 行.
NOTIC: [8] Use of undefined constant type - assumed 'type' D:\wamp\www\appid92kqdz1njf\shopme\Runtime\Cache\Home\9a0fe2a982de23da2e3124580a2372ad.php 第 369 行.
NOTIC: [8] Use of undefined constant type - assumed 'type' D:\wamp\www\appid92kqdz1njf\shopme\Runtime\Cache\Home\9a0fe2a982de23da2e3124580a2372ad.php 第 370 行.
NOTIC: [8] Use of undefined constant type - assumed 'type' D:\wamp\www\appid92kqdz1njf\shopme\Runtime\Cache\Home\9a0fe2a982de23da2e3124580a2372ad.php 第 372 行.
NOTIC: [8] Use of undefined constant type - assumed 'type' D:\wamp\www\appid92kqdz1njf\shopme\Runtime\Cache\Home\9a0fe2a982de23da2e3124580a2372ad.php 第 374 行.
NOTIC: [8] Use of undefined constant status - assumed 'status' D:\wamp\www\appid92kqdz1njf\shopme\Runtime\Cache\Home\9a0fe2a982de23da2e3124580a2372ad.php 第 378 行.
NOTIC: [8] Use of undefined constant status - assumed 'status' D:\wamp\www\appid92kqdz1njf\shopme\Runtime\Cache\Home\9a0fe2a982de23da2e3124580a2372ad.php 第 379 行.
NOTIC: [8] Use of undefined constant status - assumed 'status' D:\wamp\www\appid92kqdz1njf\shopme\Runtime\Cache\Home\9a0fe2a982de23da2e3124580a2372ad.php 第 381 行.
NOTIC: [8] Use of undefined constant buy_time - assumed 'buy_time' D:\wamp\www\appid92kqdz1njf\shopme\Runtime\Cache\Home\9a0fe2a982de23da2e3124580a2372ad.php 第 386 行.
NOTIC: [8] Use of undefined constant status - assumed 'status' D:\wamp\www\appid92kqdz1njf\shopme\Runtime\Cache\Home\9a0fe2a982de23da2e3124580a2372ad.php 第 388 行.
NOTIC: [8] Use of undefined constant status - assumed 'status' D:\wamp\www\appid92kqdz1njf\shopme\Runtime\Cache\Home\9a0fe2a982de23da2e3124580a2372ad.php 第 395 行.
NOTIC: [8] Use of undefined constant status - assumed 'status' D:\wamp\www\appid92kqdz1njf\shopme\Runtime\Cache\Home\9a0fe2a982de23da2e3124580a2372ad.php 第 397 行.
NOTIC: [8] Use of undefined constant type - assumed 'type' D:\wamp\www\appid92kqdz1njf\shopme\Runtime\Cache\Home\9a0fe2a982de23da2e3124580a2372ad.php 第 369 行.
NOTIC: [8] Use of undefined constant type - assumed 'type' D:\wamp\www\appid92kqdz1njf\shopme\Runtime\Cache\Home\9a0fe2a982de23da2e3124580a2372ad.php 第 370 行.
NOTIC: [8] Use of undefined constant type - assumed 'type' D:\wamp\www\appid92kqdz1njf\shopme\Runtime\Cache\Home\9a0fe2a982de23da2e3124580a2372ad.php 第 372 行.
NOTIC: [8] Use of undefined constant type - assumed 'type' D:\wamp\www\appid92kqdz1njf\shopme\Runtime\Cache\Home\9a0fe2a982de23da2e3124580a2372ad.php 第 374 行.
NOTIC: [8] Use of undefined constant status - assumed 'status' D:\wamp\www\appid92kqdz1njf\shopme\Runtime\Cache\Home\9a0fe2a982de23da2e3124580a2372ad.php 第 378 行.
NOTIC: [8] Use of undefined constant status - assumed 'status' D:\wamp\www\appid92kqdz1njf\shopme\Runtime\Cache\Home\9a0fe2a982de23da2e3124580a2372ad.php 第 379 行.
NOTIC: [8] Use of undefined constant status - assumed 'status' D:\wamp\www\appid92kqdz1njf\shopme\Runtime\Cache\Home\9a0fe2a982de23da2e3124580a2372ad.php 第 381 行.
NOTIC: [8] Use of undefined constant buy_time - assumed 'buy_time' D:\wamp\www\appid92kqdz1njf\shopme\Runtime\Cache\Home\9a0fe2a982de23da2e3124580a2372ad.php 第 386 行.
NOTIC: [8] Use of undefined constant status - assumed 'status' D:\wamp\www\appid92kqdz1njf\shopme\Runtime\Cache\Home\9a0fe2a982de23da2e3124580a2372ad.php 第 388 行.
NOTIC: [8] Use of undefined constant status - assumed 'status' D:\wamp\www\appid92kqdz1njf\shopme\Runtime\Cache\Home\9a0fe2a982de23da2e3124580a2372ad.php 第 395 行.
NOTIC: [8] Use of undefined constant status - assumed 'status' D:\wamp\www\appid92kqdz1njf\shopme\Runtime\Cache\Home\9a0fe2a982de23da2e3124580a2372ad.php 第 397 行.
NOTIC: [8] Use of undefined constant type - assumed 'type' D:\wamp\www\appid92kqdz1njf\shopme\Runtime\Cache\Home\9a0fe2a982de23da2e3124580a2372ad.php 第 369 行.
NOTIC: [8] Use of undefined constant type - assumed 'type' D:\wamp\www\appid92kqdz1njf\shopme\Runtime\Cache\Home\9a0fe2a982de23da2e3124580a2372ad.php 第 370 行.
NOTIC: [8] Use of undefined constant type - assumed 'type' D:\wamp\www\appid92kqdz1njf\shopme\Runtime\Cache\Home\9a0fe2a982de23da2e3124580a2372ad.php 第 372 行.
NOTIC: [8] Use of undefined constant type - assumed 'type' D:\wamp\www\appid92kqdz1njf\shopme\Runtime\Cache\Home\9a0fe2a982de23da2e3124580a2372ad.php 第 374 行.
NOTIC: [8] Use of undefined constant status - assumed 'status' D:\wamp\www\appid92kqdz1njf\shopme\Runtime\Cache\Home\9a0fe2a982de23da2e3124580a2372ad.php 第 378 行.
NOTIC: [8] Use of undefined constant status - assumed 'status' D:\wamp\www\appid92kqdz1njf\shopme\Runtime\Cache\Home\9a0fe2a982de23da2e3124580a2372ad.php 第 379 行.
NOTIC: [8] Use of undefined constant status - assumed 'status' D:\wamp\www\appid92kqdz1njf\shopme\Runtime\Cache\Home\9a0fe2a982de23da2e3124580a2372ad.php 第 381 行.
NOTIC: [8] Use of undefined constant buy_time - assumed 'buy_time' D:\wamp\www\appid92kqdz1njf\shopme\Runtime\Cache\Home\9a0fe2a982de23da2e3124580a2372ad.php 第 386 行.
NOTIC: [8] Use of undefined constant status - assumed 'status' D:\wamp\www\appid92kqdz1njf\shopme\Runtime\Cache\Home\9a0fe2a982de23da2e3124580a2372ad.php 第 388 行.
NOTIC: [8] Use of undefined constant status - assumed 'status' D:\wamp\www\appid92kqdz1njf\shopme\Runtime\Cache\Home\9a0fe2a982de23da2e3124580a2372ad.php 第 395 行.
NOTIC: [8] Use of undefined constant status - assumed 'status' D:\wamp\www\appid92kqdz1njf\shopme\Runtime\Cache\Home\9a0fe2a982de23da2e3124580a2372ad.php 第 397 行.
NOTIC: [8] Use of undefined constant type - assumed 'type' D:\wamp\www\appid92kqdz1njf\shopme\Runtime\Cache\Home\9a0fe2a982de23da2e3124580a2372ad.php 第 369 行.
NOTIC: [8] Use of undefined constant status - assumed 'status' D:\wamp\www\appid92kqdz1njf\shopme\Runtime\Cache\Home\9a0fe2a982de23da2e3124580a2372ad.php 第 378 行.
NOTIC: [8] Use of undefined constant status - assumed 'status' D:\wamp\www\appid92kqdz1njf\shopme\Runtime\Cache\Home\9a0fe2a982de23da2e3124580a2372ad.php 第 379 行.
NOTIC: [8] Use of undefined constant status - assumed 'status' D:\wamp\www\appid92kqdz1njf\shopme\Runtime\Cache\Home\9a0fe2a982de23da2e3124580a2372ad.php 第 381 行.
NOTIC: [8] Use of undefined constant buy_time - assumed 'buy_time' D:\wamp\www\appid92kqdz1njf\shopme\Runtime\Cache\Home\9a0fe2a982de23da2e3124580a2372ad.php 第 386 行.
NOTIC: [8] Use of undefined constant status - assumed 'status' D:\wamp\www\appid92kqdz1njf\shopme\Runtime\Cache\Home\9a0fe2a982de23da2e3124580a2372ad.php 第 388 行.
NOTIC: [8] Use of undefined constant status - assumed 'status' D:\wamp\www\appid92kqdz1njf\shopme\Runtime\Cache\Home\9a0fe2a982de23da2e3124580a2372ad.php 第 395 行.
NOTIC: [8] Use of undefined constant status - assumed 'status' D:\wamp\www\appid92kqdz1njf\shopme\Runtime\Cache\Home\9a0fe2a982de23da2e3124580a2372ad.php 第 397 行.
NOTIC: [8] Use of undefined constant type - assumed 'type' D:\wamp\www\appid92kqdz1njf\shopme\Runtime\Cache\Home\9a0fe2a982de23da2e3124580a2372ad.php 第 369 行.
NOTIC: [8] Use of undefined constant status - assumed 'status' D:\wamp\www\appid92kqdz1njf\shopme\Runtime\Cache\Home\9a0fe2a982de23da2e3124580a2372ad.php 第 378 行.
NOTIC: [8] Use of undefined constant status - assumed 'status' D:\wamp\www\appid92kqdz1njf\shopme\Runtime\Cache\Home\9a0fe2a982de23da2e3124580a2372ad.php 第 379 行.
NOTIC: [8] Use of undefined constant status - assumed 'status' D:\wamp\www\appid92kqdz1njf\shopme\Runtime\Cache\Home\9a0fe2a982de23da2e3124580a2372ad.php 第 381 行.
NOTIC: [8] Use of undefined constant buy_time - assumed 'buy_time' D:\wamp\www\appid92kqdz1njf\shopme\Runtime\Cache\Home\9a0fe2a982de23da2e3124580a2372ad.php 第 386 行.
NOTIC: [8] Use of undefined constant status - assumed 'status' D:\wamp\www\appid92kqdz1njf\shopme\Runtime\Cache\Home\9a0fe2a982de23da2e3124580a2372ad.php 第 388 行.
NOTIC: [8] Use of undefined constant status - assumed 'status' D:\wamp\www\appid92kqdz1njf\shopme\Runtime\Cache\Home\9a0fe2a982de23da2e3124580a2372ad.php 第 395 行.
NOTIC: [8] Use of undefined constant status - assumed 'status' D:\wamp\www\appid92kqdz1njf\shopme\Runtime\Cache\Home\9a0fe2a982de23da2e3124580a2372ad.php 第 397 行.
NOTIC: [8] Use of undefined constant type - assumed 'type' D:\wamp\www\appid92kqdz1njf\shopme\Runtime\Cache\Home\9a0fe2a982de23da2e3124580a2372ad.php 第 369 行.
NOTIC: [8] Use of undefined constant status - assumed 'status' D:\wamp\www\appid92kqdz1njf\shopme\Runtime\Cache\Home\9a0fe2a982de23da2e3124580a2372ad.php 第 378 行.
NOTIC: [8] Use of undefined constant status - assumed 'status' D:\wamp\www\appid92kqdz1njf\shopme\Runtime\Cache\Home\9a0fe2a982de23da2e3124580a2372ad.php 第 379 行.
NOTIC: [8] Use of undefined constant buy_time - assumed 'buy_time' D:\wamp\www\appid92kqdz1njf\shopme\Runtime\Cache\Home\9a0fe2a982de23da2e3124580a2372ad.php 第 386 行.
NOTIC: [8] Use of undefined constant status - assumed 'status' D:\wamp\www\appid92kqdz1njf\shopme\Runtime\Cache\Home\9a0fe2a982de23da2e3124580a2372ad.php 第 388 行.
NOTIC: [8] Use of undefined constant status - assumed 'status' D:\wamp\www\appid92kqdz1njf\shopme\Runtime\Cache\Home\9a0fe2a982de23da2e3124580a2372ad.php 第 395 行.
NOTIC: [8] Use of undefined constant type - assumed 'type' D:\wamp\www\appid92kqdz1njf\shopme\Runtime\Cache\Home\9a0fe2a982de23da2e3124580a2372ad.php 第 369 行.
NOTIC: [8] Use of undefined constant type - assumed 'type' D:\wamp\www\appid92kqdz1njf\shopme\Runtime\Cache\Home\9a0fe2a982de23da2e3124580a2372ad.php 第 370 行.
NOTIC: [8] Use of undefined constant type - assumed 'type' D:\wamp\www\appid92kqdz1njf\shopme\Runtime\Cache\Home\9a0fe2a982de23da2e3124580a2372ad.php 第 372 行.
NOTIC: [8] Use of undefined constant type - assumed 'type' D:\wamp\www\appid92kqdz1njf\shopme\Runtime\Cache\Home\9a0fe2a982de23da2e3124580a2372ad.php 第 374 行.
NOTIC: [8] Use of undefined constant status - assumed 'status' D:\wamp\www\appid92kqdz1njf\shopme\Runtime\Cache\Home\9a0fe2a982de23da2e3124580a2372ad.php 第 378 行.
NOTIC: [8] Use of undefined constant status - assumed 'status' D:\wamp\www\appid92kqdz1njf\shopme\Runtime\Cache\Home\9a0fe2a982de23da2e3124580a2372ad.php 第 379 行.
NOTIC: [8] Use of undefined constant status - assumed 'status' D:\wamp\www\appid92kqdz1njf\shopme\Runtime\Cache\Home\9a0fe2a982de23da2e3124580a2372ad.php 第 381 行.
NOTIC: [8] Use of undefined constant buy_time - assumed 'buy_time' D:\wamp\www\appid92kqdz1njf\shopme\Runtime\Cache\Home\9a0fe2a982de23da2e3124580a2372ad.php 第 386 行.
NOTIC: [8] Use of undefined constant status - assumed 'status' D:\wamp\www\appid92kqdz1njf\shopme\Runtime\Cache\Home\9a0fe2a982de23da2e3124580a2372ad.php 第 388 行.
NOTIC: [8] Use of undefined constant status - assumed 'status' D:\wamp\www\appid92kqdz1njf\shopme\Runtime\Cache\Home\9a0fe2a982de23da2e3124580a2372ad.php 第 395 行.
NOTIC: [8] Use of undefined constant status - assumed 'status' D:\wamp\www\appid92kqdz1njf\shopme\Runtime\Cache\Home\9a0fe2a982de23da2e3124580a2372ad.php 第 397 行.
INFO: Run Behavior\ParseTemplateBehavior [ RunTime:0.054003s ]
INFO: [ view_parse ] --END-- [ RunTime:0.054003s ]
INFO: [ view_filter ] --START--
INFO: Run Behavior\WriteHtmlCacheBehavior [ RunTime:0.001000s ]
INFO: [ view_filter ] --END-- [ RunTime:0.001000s ]
INFO: [ app_end ] --START--
INFO: Run Behavior\ShowPageTraceBehavior [ RunTime:0.001000s ]
INFO: [ app_end ] --END-- [ RunTime:0.002000s ]

[ 2018-03-15T14:16:37+08:00 ] 127.0.0.1 /shopme.php?s=/home/bao/baolist/p/2.html
INFO: [ app_init ] --START--
INFO: Run Behavior\BuildLiteBehavior [ RunTime:0.000000s ]
INFO: [ app_init ] --END-- [ RunTime:0.001000s ]
INFO: [ app_begin ] --START--
INFO: Run Behavior\ReadHtmlCacheBehavior [ RunTime:0.000000s ]
INFO: [ app_begin ] --END-- [ RunTime:0.002000s ]
SQL: SHOW COLUMNS FROM `sc_buy_bao` [ RunTime:0.0520s ]
SQL: SELECT COUNT(*) AS tp_count FROM `sc_buy_bao` LIMIT 1   [ RunTime:0.0380s ]
SQL: SELECT * FROM `sc_buy_bao` ORDER BY id desc LIMIT 10,10   [ RunTime:0.0410s ]
INFO: [ view_parse ] --START--
INFO: [ template_filter ] --START--
INFO: Run Behavior\ContentReplaceBehavior [ RunTime:0.001000s ]
INFO: [ template_filter ] --END-- [ RunTime:0.001000s ]
NOTIC: [8] Undefined index: mob D:\wamp\www\appid92kqdz1njf\shopme\Runtime\Cache\Home\9a0fe2a982de23da2e3124580a2372ad.php 第 347 行.
NOTIC: [8] Use of undefined constant type - assumed 'type' D:\wamp\www\appid92kqdz1njf\shopme\Runtime\Cache\Home\9a0fe2a982de23da2e3124580a2372ad.php 第 369 行.
NOTIC: [8] Use of undefined constant status - assumed 'status' D:\wamp\www\appid92kqdz1njf\shopme\Runtime\Cache\Home\9a0fe2a982de23da2e3124580a2372ad.php 第 378 行.
NOTIC: [8] Use of undefined constant status - assumed 'status' D:\wamp\www\appid92kqdz1njf\shopme\Runtime\Cache\Home\9a0fe2a982de23da2e3124580a2372ad.php 第 379 行.
NOTIC: [8] Use of undefined constant status - assumed 'status' D:\wamp\www\appid92kqdz1njf\shopme\Runtime\Cache\Home\9a0fe2a982de23da2e3124580a2372ad.php 第 381 行.
NOTIC: [8] Use of undefined constant status - assumed 'status' D:\wamp\www\appid92kqdz1njf\shopme\Runtime\Cache\Home\9a0fe2a982de23da2e3124580a2372ad.php 第 383 行.
NOTIC: [8] Use of undefined constant buy_time - assumed 'buy_time' D:\wamp\www\appid92kqdz1njf\shopme\Runtime\Cache\Home\9a0fe2a982de23da2e3124580a2372ad.php 第 386 行.
NOTIC: [8] Use of undefined constant status - assumed 'status' D:\wamp\www\appid92kqdz1njf\shopme\Runtime\Cache\Home\9a0fe2a982de23da2e3124580a2372ad.php 第 388 行.
NOTIC: [8] Use of undefined constant status - assumed 'status' D:\wamp\www\appid92kqdz1njf\shopme\Runtime\Cache\Home\9a0fe2a982de23da2e3124580a2372ad.php 第 395 行.
NOTIC: [8] Use of undefined constant status - assumed 'status' D:\wamp\www\appid92kqdz1njf\shopme\Runtime\Cache\Home\9a0fe2a982de23da2e3124580a2372ad.php 第 397 行.
NOTIC: [8] Use of undefined constant status - assumed 'status' D:\wamp\www\appid92kqdz1njf\shopme\Runtime\Cache\Home\9a0fe2a982de23da2e3124580a2372ad.php 第 399 行.
NOTIC: [8] Use of undefined constant type - assumed 'type' D:\wamp\www\appid92kqdz1njf\shopme\Runtime\Cache\Home\9a0fe2a982de23da2e3124580a2372ad.php 第 369 行.
NOTIC: [8] Use of undefined constant status - assumed 'status' D:\wamp\www\appid92kqdz1njf\shopme\Runtime\Cache\Home\9a0fe2a982de23da2e3124580a2372ad.php 第 378 行.
NOTIC: [8] Use of undefined constant status - assumed 'status' D:\wamp\www\appid92kqdz1njf\shopme\Runtime\Cache\Home\9a0fe2a982de23da2e3124580a2372ad.php 第 379 行.
NOTIC: [8] Use of undefined constant status - assumed 'status' D:\wamp\www\appid92kqdz1njf\shopme\Runtime\Cache\Home\9a0fe2a982de23da2e3124580a2372ad.php 第 381 行.
NOTIC: [8] Use of undefined constant status - assumed 'status' D:\wamp\www\appid92kqdz1njf\shopme\Runtime\Cache\Home\9a0fe2a982de23da2e3124580a2372ad.php 第 383 行.
NOTIC: [8] Use of undefined constant buy_time - assumed 'buy_time' D:\wamp\www\appid92kqdz1njf\shopme\Runtime\Cache\Home\9a0fe2a982de23da2e3124580a2372ad.php 第 386 行.
NOTIC: [8] Use of undefined constant status - assumed 'status' D:\wamp\www\appid92kqdz1njf\shopme\Runtime\Cache\Home\9a0fe2a982de23da2e3124580a2372ad.php 第 388 行.
NOTIC: [8] Use of undefined constant status - assumed 'status' D:\wamp\www\appid92kqdz1njf\shopme\Runtime\Cache\Home\9a0fe2a982de23da2e3124580a2372ad.php 第 395 行.
NOTIC: [8] Use of undefined constant status - assumed 'status' D:\wamp\www\appid92kqdz1njf\shopme\Runtime\Cache\Home\9a0fe2a982de23da2e3124580a2372ad.php 第 397 行.
NOTIC: [8] Use of undefined constant status - assumed 'status' D:\wamp\www\appid92kqdz1njf\shopme\Runtime\Cache\Home\9a0fe2a982de23da2e3124580a2372ad.php 第 399 行.
NOTIC: [8] Use of undefined constant type - assumed 'type' D:\wamp\www\appid92kqdz1njf\shopme\Runtime\Cache\Home\9a0fe2a982de23da2e3124580a2372ad.php 第 369 行.
NOTIC: [8] Use of undefined constant status - assumed 'status' D:\wamp\www\appid92kqdz1njf\shopme\Runtime\Cache\Home\9a0fe2a982de23da2e3124580a2372ad.php 第 378 行.
NOTIC: [8] Use of undefined constant buy_time - assumed 'buy_time' D:\wamp\www\appid92kqdz1njf\shopme\Runtime\Cache\Home\9a0fe2a982de23da2e3124580a2372ad.php 第 386 行.
NOTIC: [8] Use of undefined constant status - assumed 'status' D:\wamp\www\appid92kqdz1njf\shopme\Runtime\Cache\Home\9a0fe2a982de23da2e3124580a2372ad.php 第 388 行.
NOTIC: [8] Use of undefined constant type - assumed 'type' D:\wamp\www\appid92kqdz1njf\shopme\Runtime\Cache\Home\9a0fe2a982de23da2e3124580a2372ad.php 第 369 行.
NOTIC: [8] Use of undefined constant status - assumed 'status' D:\wamp\www\appid92kqdz1njf\shopme\Runtime\Cache\Home\9a0fe2a982de23da2e3124580a2372ad.php 第 378 行.
NOTIC: [8] Use of undefined constant status - assumed 'status' D:\wamp\www\appid92kqdz1njf\shopme\Runtime\Cache\Home\9a0fe2a982de23da2e3124580a2372ad.php 第 379 行.
NOTIC: [8] Use of undefined constant buy_time - assumed 'buy_time' D:\wamp\www\appid92kqdz1njf\shopme\Runtime\Cache\Home\9a0fe2a982de23da2e3124580a2372ad.php 第 386 行.
NOTIC: [8] Use of undefined constant status - assumed 'status' D:\wamp\www\appid92kqdz1njf\shopme\Runtime\Cache\Home\9a0fe2a982de23da2e3124580a2372ad.php 第 388 行.
NOTIC: [8] Use of undefined constant status - assumed 'status' D:\wamp\www\appid92kqdz1njf\shopme\Runtime\Cache\Home\9a0fe2a982de23da2e3124580a2372ad.php 第 395 行.
NOTIC: [8] Use of undefined constant type - assumed 'type' D:\wamp\www\appid92kqdz1njf\shopme\Runtime\Cache\Home\9a0fe2a982de23da2e3124580a2372ad.php 第 369 行.
NOTIC: [8] Use of undefined constant status - assumed 'status' D:\wamp\www\appid92kqdz1njf\shopme\Runtime\Cache\Home\9a0fe2a982de23da2e3124580a2372ad.php 第 378 行.
NOTIC: [8] Use of undefined constant status - assumed 'status' D:\wamp\www\appid92kqdz1njf\shopme\Runtime\Cache\Home\9a0fe2a982de23da2e3124580a2372ad.php 第 379 行.
NOTIC: [8] Use of undefined constant buy_time - assumed 'buy_time' D:\wamp\www\appid92kqdz1njf\shopme\Runtime\Cache\Home\9a0fe2a982de23da2e3124580a2372ad.php 第 386 行.
NOTIC: [8] Use of undefined constant status - assumed 'status' D:\wamp\www\appid92kqdz1njf\shopme\Runtime\Cache\Home\9a0fe2a982de23da2e3124580a2372ad.php 第 388 行.
NOTIC: [8] Use of undefined constant status - assumed 'status' D:\wamp\www\appid92kqdz1njf\shopme\Runtime\Cache\Home\9a0fe2a982de23da2e3124580a2372ad.php 第 395 行.
NOTIC: [8] Use of undefined constant type - assumed 'type' D:\wamp\www\appid92kqdz1njf\shopme\Runtime\Cache\Home\9a0fe2a982de23da2e3124580a2372ad.php 第 369 行.
NOTIC: [8] Use of undefined constant status - assumed 'status' D:\wamp\www\appid92kqdz1njf\shopme\Runtime\Cache\Home\9a0fe2a982de23da2e3124580a2372ad.php 第 378 行.
NOTIC: [8] Use of undefined constant status - assumed 'status' D:\wamp\www\appid92kqdz1njf\shopme\Runtime\Cache\Home\9a0fe2a982de23da2e3124580a2372ad.php 第 379 行.
NOTIC: [8] Use of undefined constant buy_time - assumed 'buy_time' D:\wamp\www\appid92kqdz1njf\shopme\Runtime\Cache\Home\9a0fe2a982de23da2e3124580a2372ad.php 第 386 行.
NOTIC: [8] Use of undefined constant status - assumed 'status' D:\wamp\www\appid92kqdz1njf\shopme\Runtime\Cache\Home\9a0fe2a982de23da2e3124580a2372ad.php 第 388 行.
NOTIC: [8] Use of undefined constant status - assumed 'status' D:\wamp\www\appid92kqdz1njf\shopme\Runtime\Cache\Home\9a0fe2a982de23da2e3124580a2372ad.php 第 395 行.
NOTIC: [8] Use of undefined constant type - assumed 'type' D:\wamp\www\appid92kqdz1njf\shopme\Runtime\Cache\Home\9a0fe2a982de23da2e3124580a2372ad.php 第 369 行.
NOTIC: [8] Use of undefined constant status - assumed 'status' D:\wamp\www\appid92kqdz1njf\shopme\Runtime\Cache\Home\9a0fe2a982de23da2e3124580a2372ad.php 第 378 行.
NOTIC: [8] Use of undefined constant status - assumed 'status' D:\wamp\www\appid92kqdz1njf\shopme\Runtime\Cache\Home\9a0fe2a982de23da2e3124580a2372ad.php 第 379 行.
NOTIC: [8] Use of undefined constant status - assumed 'status' D:\wamp\www\appid92kqdz1njf\shopme\Runtime\Cache\Home\9a0fe2a982de23da2e3124580a2372ad.php 第 381 行.
NOTIC: [8] Use of undefined constant status - assumed 'status' D:\wamp\www\appid92kqdz1njf\shopme\Runtime\Cache\Home\9a0fe2a982de23da2e3124580a2372ad.php 第 383 行.
NOTIC: [8] Use of undefined constant buy_time - assumed 'buy_time' D:\wamp\www\appid92kqdz1njf\shopme\Runtime\Cache\Home\9a0fe2a982de23da2e3124580a2372ad.php 第 386 行.
NOTIC: [8] Use of undefined constant status - assumed 'status' D:\wamp\www\appid92kqdz1njf\shopme\Runtime\Cache\Home\9a0fe2a982de23da2e3124580a2372ad.php 第 388 行.
NOTIC: [8] Use of undefined constant status - assumed 'status' D:\wamp\www\appid92kqdz1njf\shopme\Runtime\Cache\Home\9a0fe2a982de23da2e3124580a2372ad.php 第 395 行.
NOTIC: [8] Use of undefined constant status - assumed 'status' D:\wamp\www\appid92kqdz1njf\shopme\Runtime\Cache\Home\9a0fe2a982de23da2e3124580a2372ad.php 第 397 行.
NOTIC: [8] Use of undefined constant status - assumed 'status' D:\wamp\www\appid92kqdz1njf\shopme\Runtime\Cache\Home\9a0fe2a982de23da2e3124580a2372ad.php 第 399 行.
NOTIC: [8] Use of undefined constant type - assumed 'type' D:\wamp\www\appid92kqdz1njf\shopme\Runtime\Cache\Home\9a0fe2a982de23da2e3124580a2372ad.php 第 369 行.
NOTIC: [8] Use of undefined constant type - assumed 'type' D:\wamp\www\appid92kqdz1njf\shopme\Runtime\Cache\Home\9a0fe2a982de23da2e3124580a2372ad.php 第 370 行.
NOTIC: [8] Use of undefined constant type - assumed 'type' D:\wamp\www\appid92kqdz1njf\shopme\Runtime\Cache\Home\9a0fe2a982de23da2e3124580a2372ad.php 第 372 行.
NOTIC: [8] Use of undefined constant type - assumed 'type' D:\wamp\www\appid92kqdz1njf\shopme\Runtime\Cache\Home\9a0fe2a982de23da2e3124580a2372ad.php 第 374 行.
NOTIC: [8] Use of undefined constant status - assumed 'status' D:\wamp\www\appid92kqdz1njf\shopme\Runtime\Cache\Home\9a0fe2a982de23da2e3124580a2372ad.php 第 378 行.
NOTIC: [8] Use of undefined constant status - assumed 'status' D:\wamp\www\appid92kqdz1njf\shopme\Runtime\Cache\Home\9a0fe2a982de23da2e3124580a2372ad.php 第 379 行.
NOTIC: [8] Use of undefined constant buy_time - assumed 'buy_time' D:\wamp\www\appid92kqdz1njf\shopme\Runtime\Cache\Home\9a0fe2a982de23da2e3124580a2372ad.php 第 386 行.
NOTIC: [8] Use of undefined constant status - assumed 'status' D:\wamp\www\appid92kqdz1njf\shopme\Runtime\Cache\Home\9a0fe2a982de23da2e3124580a2372ad.php 第 388 行.
NOTIC: [8] Use of undefined constant status - assumed 'status' D:\wamp\www\appid92kqdz1njf\shopme\Runtime\Cache\Home\9a0fe2a982de23da2e3124580a2372ad.php 第 395 行.
NOTIC: [8] Use of undefined constant type - assumed 'type' D:\wamp\www\appid92kqdz1njf\shopme\Runtime\Cache\Home\9a0fe2a982de23da2e3124580a2372ad.php 第 369 行.
NOTIC: [8] Use of undefined constant type - assumed 'type' D:\wamp\www\appid92kqdz1njf\shopme\Runtime\Cache\Home\9a0fe2a982de23da2e3124580a2372ad.php 第 370 行.
NOTIC: [8] Use of undefined constant type - assumed 'type' D:\wamp\www\appid92kqdz1njf\shopme\Runtime\Cache\Home\9a0fe2a982de23da2e3124580a2372ad.php 第 372 行.
NOTIC: [8] Use of undefined constant type - assumed 'type' D:\wamp\www\appid92kqdz1njf\shopme\Runtime\Cache\Home\9a0fe2a982de23da2e3124580a2372ad.php 第 374 行.
NOTIC: [8] Use of undefined constant status - assumed 'status' D:\wamp\www\appid92kqdz1njf\shopme\Runtime\Cache\Home\9a0fe2a982de23da2e3124580a2372ad.php 第 378 行.
NOTIC: [8] Use of undefined constant status - assumed 'status' D:\wamp\www\appid92kqdz1njf\shopme\Runtime\Cache\Home\9a0fe2a982de23da2e3124580a2372ad.php 第 379 行.
NOTIC: [8] Use of undefined constant buy_time - assumed 'buy_time' D:\wamp\www\appid92kqdz1njf\shopme\Runtime\Cache\Home\9a0fe2a982de23da2e3124580a2372ad.php 第 386 行.
NOTIC: [8] Use of undefined constant status - assumed 'status' D:\wamp\www\appid92kqdz1njf\shopme\Runtime\Cache\Home\9a0fe2a982de23da2e3124580a2372ad.php 第 388 行.
NOTIC: [8] Use of undefined constant status - assumed 'status' D:\wamp\www\appid92kqdz1njf\shopme\Runtime\Cache\Home\9a0fe2a982de23da2e3124580a2372ad.php 第 395 行.
NOTIC: [8] Use of undefined constant type - assumed 'type' D:\wamp\www\appid92kqdz1njf\shopme\Runtime\Cache\Home\9a0fe2a982de23da2e3124580a2372ad.php 第 369 行.
NOTIC: [8] Use of undefined constant status - assumed 'status' D:\wamp\www\appid92kqdz1njf\shopme\Runtime\Cache\Home\9a0fe2a982de23da2e3124580a2372ad.php 第 378 行.
NOTIC: [8] Use of undefined constant status - assumed 'status' D:\wamp\www\appid92kqdz1njf\shopme\Runtime\Cache\Home\9a0fe2a982de23da2e3124580a2372ad.php 第 379 行.
NOTIC: [8] Use of undefined constant status - assumed 'status' D:\wamp\www\appid92kqdz1njf\shopme\Runtime\Cache\Home\9a0fe2a982de23da2e3124580a2372ad.php 第 381 行.
NOTIC: [8] Use of undefined constant status - assumed 'status' D:\wamp\www\appid92kqdz1njf\shopme\Runtime\Cache\Home\9a0fe2a982de23da2e3124580a2372ad.php 第 383 行.
NOTIC: [8] Use of undefined constant buy_time - assumed 'buy_time' D:\wamp\www\appid92kqdz1njf\shopme\Runtime\Cache\Home\9a0fe2a982de23da2e3124580a2372ad.php 第 386 行.
NOTIC: [8] Use of undefined constant status - assumed 'status' D:\wamp\www\appid92kqdz1njf\shopme\Runtime\Cache\Home\9a0fe2a982de23da2e3124580a2372ad.php 第 388 行.
NOTIC: [8] Use of undefined constant status - assumed 'status' D:\wamp\www\appid92kqdz1njf\shopme\Runtime\Cache\Home\9a0fe2a982de23da2e3124580a2372ad.php 第 395 行.
NOTIC: [8] Use of undefined constant status - assumed 'status' D:\wamp\www\appid92kqdz1njf\shopme\Runtime\Cache\Home\9a0fe2a982de23da2e3124580a2372ad.php 第 397 行.
NOTIC: [8] Use of undefined constant status - assumed 'status' D:\wamp\www\appid92kqdz1njf\shopme\Runtime\Cache\Home\9a0fe2a982de23da2e3124580a2372ad.php 第 399 行.
INFO: Run Behavior\ParseTemplateBehavior [ RunTime:0.059003s ]
INFO: [ view_parse ] --END-- [ RunTime:0.059003s ]
INFO: [ view_filter ] --START--
INFO: Run Behavior\WriteHtmlCacheBehavior [ RunTime:0.000000s ]
INFO: [ view_filter ] --END-- [ RunTime:0.001001s ]
INFO: [ app_end ] --START--
INFO: Run Behavior\ShowPageTraceBehavior [ RunTime:0.008000s ]
INFO: [ app_end ] --END-- [ RunTime:0.008000s ]

[ 2018-03-15T14:16:41+08:00 ] 127.0.0.1 /shopme.php?s=/home/bao/settype.html
INFO: [ app_init ] --START--
INFO: Run Behavior\BuildLiteBehavior [ RunTime:0.000000s ]
INFO: [ app_init ] --END-- [ RunTime:0.002000s ]
INFO: [ app_begin ] --START--
INFO: Run Behavior\ReadHtmlCacheBehavior [ RunTime:0.000000s ]
INFO: [ app_begin ] --END-- [ RunTime:0.000000s ]
SQL: SHOW COLUMNS FROM `sc_buy_bao` [ RunTime:0.0510s ]
SQL: UPDATE `sc_buy_bao` SET `status`='3' WHERE `id` = 44 [ RunTime:0.0340s ]

[ 2018-03-15T14:16:44+08:00 ] 127.0.0.1 /shopme.php?s=/home/bao/baolist/p/2.html
INFO: [ app_init ] --START--
INFO: Run Behavior\BuildLiteBehavior [ RunTime:0.000000s ]
INFO: [ app_init ] --END-- [ RunTime:0.001000s ]
INFO: [ app_begin ] --START--
INFO: Run Behavior\ReadHtmlCacheBehavior [ RunTime:0.000000s ]
INFO: [ app_begin ] --END-- [ RunTime:0.000000s ]
SQL: SHOW COLUMNS FROM `sc_buy_bao` [ RunTime:0.0480s ]
SQL: SELECT COUNT(*) AS tp_count FROM `sc_buy_bao` LIMIT 1   [ RunTime:0.0320s ]
SQL: SELECT * FROM `sc_buy_bao` ORDER BY id desc LIMIT 10,10   [ RunTime:0.0350s ]
INFO: [ view_parse ] --START--
INFO: [ template_filter ] --START--
INFO: Run Behavior\ContentReplaceBehavior [ RunTime:0.000000s ]
INFO: [ template_filter ] --END-- [ RunTime:0.000000s ]
NOTIC: [8] Undefined index: mob D:\wamp\www\appid92kqdz1njf\shopme\Runtime\Cache\Home\9a0fe2a982de23da2e3124580a2372ad.php 第 347 行.
NOTIC: [8] Use of undefined constant type - assumed 'type' D:\wamp\www\appid92kqdz1njf\shopme\Runtime\Cache\Home\9a0fe2a982de23da2e3124580a2372ad.php 第 369 行.
NOTIC: [8] Use of undefined constant status - assumed 'status' D:\wamp\www\appid92kqdz1njf\shopme\Runtime\Cache\Home\9a0fe2a982de23da2e3124580a2372ad.php 第 378 行.
NOTIC: [8] Use of undefined constant status - assumed 'status' D:\wamp\www\appid92kqdz1njf\shopme\Runtime\Cache\Home\9a0fe2a982de23da2e3124580a2372ad.php 第 379 行.
NOTIC: [8] Use of undefined constant status - assumed 'status' D:\wamp\www\appid92kqdz1njf\shopme\Runtime\Cache\Home\9a0fe2a982de23da2e3124580a2372ad.php 第 381 行.
NOTIC: [8] Use of undefined constant status - assumed 'status' D:\wamp\www\appid92kqdz1njf\shopme\Runtime\Cache\Home\9a0fe2a982de23da2e3124580a2372ad.php 第 383 行.
NOTIC: [8] Use of undefined constant buy_time - assumed 'buy_time' D:\wamp\www\appid92kqdz1njf\shopme\Runtime\Cache\Home\9a0fe2a982de23da2e3124580a2372ad.php 第 386 行.
NOTIC: [8] Use of undefined constant status - assumed 'status' D:\wamp\www\appid92kqdz1njf\shopme\Runtime\Cache\Home\9a0fe2a982de23da2e3124580a2372ad.php 第 388 行.
NOTIC: [8] Use of undefined constant status - assumed 'status' D:\wamp\www\appid92kqdz1njf\shopme\Runtime\Cache\Home\9a0fe2a982de23da2e3124580a2372ad.php 第 395 行.
NOTIC: [8] Use of undefined constant status - assumed 'status' D:\wamp\www\appid92kqdz1njf\shopme\Runtime\Cache\Home\9a0fe2a982de23da2e3124580a2372ad.php 第 397 行.
NOTIC: [8] Use of undefined constant status - assumed 'status' D:\wamp\www\appid92kqdz1njf\shopme\Runtime\Cache\Home\9a0fe2a982de23da2e3124580a2372ad.php 第 399 行.
NOTIC: [8] Use of undefined constant type - assumed 'type' D:\wamp\www\appid92kqdz1njf\shopme\Runtime\Cache\Home\9a0fe2a982de23da2e3124580a2372ad.php 第 369 行.
NOTIC: [8] Use of undefined constant status - assumed 'status' D:\wamp\www\appid92kqdz1njf\shopme\Runtime\Cache\Home\9a0fe2a982de23da2e3124580a2372ad.php 第 378 行.
NOTIC: [8] Use of undefined constant status - assumed 'status' D:\wamp\www\appid92kqdz1njf\shopme\Runtime\Cache\Home\9a0fe2a982de23da2e3124580a2372ad.php 第 379 行.
NOTIC: [8] Use of undefined constant status - assumed 'status' D:\wamp\www\appid92kqdz1njf\shopme\Runtime\Cache\Home\9a0fe2a982de23da2e3124580a2372ad.php 第 381 行.
NOTIC: [8] Use of undefined constant status - assumed 'status' D:\wamp\www\appid92kqdz1njf\shopme\Runtime\Cache\Home\9a0fe2a982de23da2e3124580a2372ad.php 第 383 行.
NOTIC: [8] Use of undefined constant buy_time - assumed 'buy_time' D:\wamp\www\appid92kqdz1njf\shopme\Runtime\Cache\Home\9a0fe2a982de23da2e3124580a2372ad.php 第 386 行.
NOTIC: [8] Use of undefined constant status - assumed 'status' D:\wamp\www\appid92kqdz1njf\shopme\Runtime\Cache\Home\9a0fe2a982de23da2e3124580a2372ad.php 第 388 行.
NOTIC: [8] Use of undefined constant status - assumed 'status' D:\wamp\www\appid92kqdz1njf\shopme\Runtime\Cache\Home\9a0fe2a982de23da2e3124580a2372ad.php 第 395 行.
NOTIC: [8] Use of undefined constant status - assumed 'status' D:\wamp\www\appid92kqdz1njf\shopme\Runtime\Cache\Home\9a0fe2a982de23da2e3124580a2372ad.php 第 397 行.
NOTIC: [8] Use of undefined constant status - assumed 'status' D:\wamp\www\appid92kqdz1njf\shopme\Runtime\Cache\Home\9a0fe2a982de23da2e3124580a2372ad.php 第 399 行.
NOTIC: [8] Use of undefined constant type - assumed 'type' D:\wamp\www\appid92kqdz1njf\shopme\Runtime\Cache\Home\9a0fe2a982de23da2e3124580a2372ad.php 第 369 行.
NOTIC: [8] Use of undefined constant status - assumed 'status' D:\wamp\www\appid92kqdz1njf\shopme\Runtime\Cache\Home\9a0fe2a982de23da2e3124580a2372ad.php 第 378 行.
NOTIC: [8] Use of undefined constant status - assumed 'status' D:\wamp\www\appid92kqdz1njf\shopme\Runtime\Cache\Home\9a0fe2a982de23da2e3124580a2372ad.php 第 379 行.
NOTIC: [8] Use of undefined constant buy_time - assumed 'buy_time' D:\wamp\www\appid92kqdz1njf\shopme\Runtime\Cache\Home\9a0fe2a982de23da2e3124580a2372ad.php 第 386 行.
NOTIC: [8] Use of undefined constant status - assumed 'status' D:\wamp\www\appid92kqdz1njf\shopme\Runtime\Cache\Home\9a0fe2a982de23da2e3124580a2372ad.php 第 388 行.
NOTIC: [8] Use of undefined constant status - assumed 'status' D:\wamp\www\appid92kqdz1njf\shopme\Runtime\Cache\Home\9a0fe2a982de23da2e3124580a2372ad.php 第 395 行.
NOTIC: [8] Use of undefined constant type - assumed 'type' D:\wamp\www\appid92kqdz1njf\shopme\Runtime\Cache\Home\9a0fe2a982de23da2e3124580a2372ad.php 第 369 行.
NOTIC: [8] Use of undefined constant status - assumed 'status' D:\wamp\www\appid92kqdz1njf\shopme\Runtime\Cache\Home\9a0fe2a982de23da2e3124580a2372ad.php 第 378 行.
NOTIC: [8] Use of undefined constant status - assumed 'status' D:\wamp\www\appid92kqdz1njf\shopme\Runtime\Cache\Home\9a0fe2a982de23da2e3124580a2372ad.php 第 379 行.
NOTIC: [8] Use of undefined constant buy_time - assumed 'buy_time' D:\wamp\www\appid92kqdz1njf\shopme\Runtime\Cache\Home\9a0fe2a982de23da2e3124580a2372ad.php 第 386 行.
NOTIC: [8] Use of undefined constant status - assumed 'status' D:\wamp\www\appid92kqdz1njf\shopme\Runtime\Cache\Home\9a0fe2a982de23da2e3124580a2372ad.php 第 388 行.
NOTIC: [8] Use of undefined constant status - assumed 'status' D:\wamp\www\appid92kqdz1njf\shopme\Runtime\Cache\Home\9a0fe2a982de23da2e3124580a2372ad.php 第 395 行.
NOTIC: [8] Use of undefined constant type - assumed 'type' D:\wamp\www\appid92kqdz1njf\shopme\Runtime\Cache\Home\9a0fe2a982de23da2e3124580a2372ad.php 第 369 行.
NOTIC: [8] Use of undefined constant status - assumed 'status' D:\wamp\www\appid92kqdz1njf\shopme\Runtime\Cache\Home\9a0fe2a982de23da2e3124580a2372ad.php 第 378 行.
NOTIC: [8] Use of undefined constant status - assumed 'status' D:\wamp\www\appid92kqdz1njf\shopme\Runtime\Cache\Home\9a0fe2a982de23da2e3124580a2372ad.php 第 379 行.
NOTIC: [8] Use of undefined constant buy_time - assumed 'buy_time' D:\wamp\www\appid92kqdz1njf\shopme\Runtime\Cache\Home\9a0fe2a982de23da2e3124580a2372ad.php 第 386 行.
NOTIC: [8] Use of undefined constant status - assumed 'status' D:\wamp\www\appid92kqdz1njf\shopme\Runtime\Cache\Home\9a0fe2a982de23da2e3124580a2372ad.php 第 388 行.
NOTIC: [8] Use of undefined constant status - assumed 'status' D:\wamp\www\appid92kqdz1njf\shopme\Runtime\Cache\Home\9a0fe2a982de23da2e3124580a2372ad.php 第 395 行.
NOTIC: [8] Use of undefined constant type - assumed 'type' D:\wamp\www\appid92kqdz1njf\shopme\Runtime\Cache\Home\9a0fe2a982de23da2e3124580a2372ad.php 第 369 行.
NOTIC: [8] Use of undefined constant status - assumed 'status' D:\wamp\www\appid92kqdz1njf\shopme\Runtime\Cache\Home\9a0fe2a982de23da2e3124580a2372ad.php 第 378 行.
NOTIC: [8] Use of undefined constant status - assumed 'status' D:\wamp\www\appid92kqdz1njf\shopme\Runtime\Cache\Home\9a0fe2a982de23da2e3124580a2372ad.php 第 379 行.
NOTIC: [8] Use of undefined constant buy_time - assumed 'buy_time' D:\wamp\www\appid92kqdz1njf\shopme\Runtime\Cache\Home\9a0fe2a982de23da2e3124580a2372ad.php 第 386 行.
NOTIC: [8] Use of undefined constant status - assumed 'status' D:\wamp\www\appid92kqdz1njf\shopme\Runtime\Cache\Home\9a0fe2a982de23da2e3124580a2372ad.php 第 388 行.
NOTIC: [8] Use of undefined constant status - assumed 'status' D:\wamp\www\appid92kqdz1njf\shopme\Runtime\Cache\Home\9a0fe2a982de23da2e3124580a2372ad.php 第 395 行.
NOTIC: [8] Use of undefined constant type - assumed 'type' D:\wamp\www\appid92kqdz1njf\shopme\Runtime\Cache\Home\9a0fe2a982de23da2e3124580a2372ad.php 第 369 行.
NOTIC: [8] Use of undefined constant status - assumed 'status' D:\wamp\www\appid92kqdz1njf\shopme\Runtime\Cache\Home\9a0fe2a982de23da2e3124580a2372ad.php 第 378 行.
NOTIC: [8] Use of undefined constant status - assumed 'status' D:\wamp\www\appid92kqdz1njf\shopme\Runtime\Cache\Home\9a0fe2a982de23da2e3124580a2372ad.php 第 379 行.
NOTIC: [8] Use of undefined constant status - assumed 'status' D:\wamp\www\appid92kqdz1njf\shopme\Runtime\Cache\Home\9a0fe2a982de23da2e3124580a2372ad.php 第 381 行.
NOTIC: [8] Use of undefined constant status - assumed 'status' D:\wamp\www\appid92kqdz1njf\shopme\Runtime\Cache\Home\9a0fe2a982de23da2e3124580a2372ad.php 第 383 行.
NOTIC: [8] Use of undefined constant buy_time - assumed 'buy_time' D:\wamp\www\appid92kqdz1njf\shopme\Runtime\Cache\Home\9a0fe2a982de23da2e3124580a2372ad.php 第 386 行.
NOTIC: [8] Use of undefined constant status - assumed 'status' D:\wamp\www\appid92kqdz1njf\shopme\Runtime\Cache\Home\9a0fe2a982de23da2e3124580a2372ad.php 第 388 行.
NOTIC: [8] Use of undefined constant status - assumed 'status' D:\wamp\www\appid92kqdz1njf\shopme\Runtime\Cache\Home\9a0fe2a982de23da2e3124580a2372ad.php 第 395 行.
NOTIC: [8] Use of undefined constant status - assumed 'status' D:\wamp\www\appid92kqdz1njf\shopme\Runtime\Cache\Home\9a0fe2a982de23da2e3124580a2372ad.php 第 397 行.
NOTIC: [8] Use of undefined constant status - assumed 'status' D:\wamp\www\appid92kqdz1njf\shopme\Runtime\Cache\Home\9a0fe2a982de23da2e3124580a2372ad.php 第 399 行.
NOTIC: [8] Use of undefined constant type - assumed 'type' D:\wamp\www\appid92kqdz1njf\shopme\Runtime\Cache\Home\9a0fe2a982de23da2e3124580a2372ad.php 第 369 行.
NOTIC: [8] Use of undefined constant type - assumed 'type' D:\wamp\www\appid92kqdz1njf\shopme\Runtime\Cache\Home\9a0fe2a982de23da2e3124580a2372ad.php 第 370 行.
NOTIC: [8] Use of undefined constant type - assumed 'type' D:\wamp\www\appid92kqdz1njf\shopme\Runtime\Cache\Home\9a0fe2a982de23da2e3124580a2372ad.php 第 372 行.
NOTIC: [8] Use of undefined constant type - assumed 'type' D:\wamp\www\appid92kqdz1njf\shopme\Runtime\Cache\Home\9a0fe2a982de23da2e3124580a2372ad.php 第 374 行.
NOTIC: [8] Use of undefined constant status - assumed 'status' D:\wamp\www\appid92kqdz1njf\shopme\Runtime\Cache\Home\9a0fe2a982de23da2e3124580a2372ad.php 第 378 行.
NOTIC: [8] Use of undefined constant status - assumed 'status' D:\wamp\www\appid92kqdz1njf\shopme\Runtime\Cache\Home\9a0fe2a982de23da2e3124580a2372ad.php 第 379 行.
NOTIC: [8] Use of undefined constant buy_time - assumed 'buy_time' D:\wamp\www\appid92kqdz1njf\shopme\Runtime\Cache\Home\9a0fe2a982de23da2e3124580a2372ad.php 第 386 行.
NOTIC: [8] Use of undefined constant status - assumed 'status' D:\wamp\www\appid92kqdz1njf\shopme\Runtime\Cache\Home\9a0fe2a982de23da2e3124580a2372ad.php 第 388 行.
NOTIC: [8] Use of undefined constant status - assumed 'status' D:\wamp\www\appid92kqdz1njf\shopme\Runtime\Cache\Home\9a0fe2a982de23da2e3124580a2372ad.php 第 395 行.
NOTIC: [8] Use of undefined constant type - assumed 'type' D:\wamp\www\appid92kqdz1njf\shopme\Runtime\Cache\Home\9a0fe2a982de23da2e3124580a2372ad.php 第 369 行.
NOTIC: [8] Use of undefined constant type - assumed 'type' D:\wamp\www\appid92kqdz1njf\shopme\Runtime\Cache\Home\9a0fe2a982de23da2e3124580a2372ad.php 第 370 行.
NOTIC: [8] Use of undefined constant type - assumed 'type' D:\wamp\www\appid92kqdz1njf\shopme\Runtime\Cache\Home\9a0fe2a982de23da2e3124580a2372ad.php 第 372 行.
NOTIC: [8] Use of undefined constant type - assumed 'type' D:\wamp\www\appid92kqdz1njf\shopme\Runtime\Cache\Home\9a0fe2a982de23da2e3124580a2372ad.php 第 374 行.
NOTIC: [8] Use of undefined constant status - assumed 'status' D:\wamp\www\appid92kqdz1njf\shopme\Runtime\Cache\Home\9a0fe2a982de23da2e3124580a2372ad.php 第 378 行.
NOTIC: [8] Use of undefined constant status - assumed 'status' D:\wamp\www\appid92kqdz1njf\shopme\Runtime\Cache\Home\9a0fe2a982de23da2e3124580a2372ad.php 第 379 行.
NOTIC: [8] Use of undefined constant buy_time - assumed 'buy_time' D:\wamp\www\appid92kqdz1njf\shopme\Runtime\Cache\Home\9a0fe2a982de23da2e3124580a2372ad.php 第 386 行.
NOTIC: [8] Use of undefined constant status - assumed 'status' D:\wamp\www\appid92kqdz1njf\shopme\Runtime\Cache\Home\9a0fe2a982de23da2e3124580a2372ad.php 第 388 行.
NOTIC: [8] Use of undefined constant status - assumed 'status' D:\wamp\www\appid92kqdz1njf\shopme\Runtime\Cache\Home\9a0fe2a982de23da2e3124580a2372ad.php 第 395 行.
NOTIC: [8] Use of undefined constant type - assumed 'type' D:\wamp\www\appid92kqdz1njf\shopme\Runtime\Cache\Home\9a0fe2a982de23da2e3124580a2372ad.php 第 369 行.
NOTIC: [8] Use of undefined constant status - assumed 'status' D:\wamp\www\appid92kqdz1njf\shopme\Runtime\Cache\Home\9a0fe2a982de23da2e3124580a2372ad.php 第 378 行.
NOTIC: [8] Use of undefined constant status - assumed 'status' D:\wamp\www\appid92kqdz1njf\shopme\Runtime\Cache\Home\9a0fe2a982de23da2e3124580a2372ad.php 第 379 行.
NOTIC: [8] Use of undefined constant status - assumed 'status' D:\wamp\www\appid92kqdz1njf\shopme\Runtime\Cache\Home\9a0fe2a982de23da2e3124580a2372ad.php 第 381 行.
NOTIC: [8] Use of undefined constant status - assumed 'status' D:\wamp\www\appid92kqdz1njf\shopme\Runtime\Cache\Home\9a0fe2a982de23da2e3124580a2372ad.php 第 383 行.
NOTIC: [8] Use of undefined constant buy_time - assumed 'buy_time' D:\wamp\www\appid92kqdz1njf\shopme\Runtime\Cache\Home\9a0fe2a982de23da2e3124580a2372ad.php 第 386 行.
NOTIC: [8] Use of undefined constant status - assumed 'status' D:\wamp\www\appid92kqdz1njf\shopme\Runtime\Cache\Home\9a0fe2a982de23da2e3124580a2372ad.php 第 388 行.
NOTIC: [8] Use of undefined constant status - assumed 'status' D:\wamp\www\appid92kqdz1njf\shopme\Runtime\Cache\Home\9a0fe2a982de23da2e3124580a2372ad.php 第 395 行.
NOTIC: [8] Use of undefined constant status - assumed 'status' D:\wamp\www\appid92kqdz1njf\shopme\Runtime\Cache\Home\9a0fe2a982de23da2e3124580a2372ad.php 第 397 行.
NOTIC: [8] Use of undefined constant status - assumed 'status' D:\wamp\www\appid92kqdz1njf\shopme\Runtime\Cache\Home\9a0fe2a982de23da2e3124580a2372ad.php 第 399 行.
INFO: Run Behavior\ParseTemplateBehavior [ RunTime:0.084005s ]
INFO: [ view_parse ] --END-- [ RunTime:0.085005s ]
INFO: [ view_filter ] --START--
INFO: Run Behavior\WriteHtmlCacheBehavior [ RunTime:0.001000s ]
INFO: [ view_filter ] --END-- [ RunTime:0.001000s ]
INFO: [ app_end ] --START--
INFO: Run Behavior\ShowPageTraceBehavior [ RunTime:0.001000s ]
INFO: [ app_end ] --END-- [ RunTime:0.001000s ]

